nohup: ignoring input

> crypto-quant-scanner-pro@1.0.0 start
> node server.js

[CONFIG] No saved config found, using defaults.
[SYSTEM] Starting 24/7 Scanner Loop...
[INFO] [SERVER SCAN] Starting scan for HYPERLIQUID...
[INFO] [SERVER SCAN] Starting scan for MEXC...
[CRITICAL ERROR] Uncaught Exception: Error: listen EADDRINUSE: address already in use :::3000
    at Server.setupListenHandle [as _listen2] (node:net:1908:16)
    at listenInCluster (node:net:1965:12)
    at Server.listen (node:net:2067:7)
    at Function.listen (/home/ubuntu/QuantPro/node_modules/express/lib/application.js:635:24)
    at file:///home/ubuntu/QuantPro/server.js:375:5 {
  code: 'EADDRINUSE',
  errno: -98,
  syscall: 'listen',
  address: '::',
  port: 3000
}
[INFO] [TRACKER] Checking outcomes for 106 open trades...
[INFO] [TRACKER] Checking outcomes for 106 open trades...
[INFO] [TRACKER] Updated 1 trades. Performance updated.
[INFO] [TRACKER] Updated 1 trades. Performance updated.
Error fetching top pairs from HYPERLIQUID: Error: Too Many Requests
    at fetchTopVolumePairs (file:///home/ubuntu/QuantPro/server/marketData.js:178:28)
    at process.processTicksAndRejections (node:internal/process/task_queues:95:5)
    at async runServerScan (file:///home/ubuntu/QuantPro/server/scanner.js:163:22)
[INFO] [TRACKER] Registered 1 new signals (1 replaced) for forward testing.
[INFO] [SERVER SCAN] Complete. Found 5 results.
[INFO] [TRACKER] Checking outcomes for 105 open trades...
[INFO] [TRACKER] Registered 11 new signals (10 replaced) for forward testing.
[INFO] [SERVER SCAN] Complete. Found 20 results.
[INFO] [TRACKER] Checking outcomes for 106 open trades...
[INFO] [TRACKER] Checking outcomes for 106 open trades...
[INFO] [TRACKER] Checking outcomes for 106 open trades...
[INFO] [TRACKER] Checking outcomes for 106 open trades...
[INFO] [TRACKER] Checking outcomes for 106 open trades...
[INFO] [TRACKER] Checking outcomes for 107 open trades...
[INFO] [TRACKER] Updated 1 trades. Performance updated.
[INFO] [TRACKER] Checking outcomes for 107 open trades...
[INFO] [TRACKER] Checking outcomes for 107 open trades...
[INFO] [TRACKER] Checking outcomes for 107 open trades...
[INFO] [TRACKER] Checking outcomes for 107 open trades...
[INFO] [TRACKER] Checking outcomes for 107 open trades...
[INFO] [TRACKER] Checking outcomes for 109 open trades...
[INFO] [TRACKER] Checking outcomes for 109 open trades...
[INFO] [SERVER SCAN] Starting scan for HYPERLIQUID...
[INFO] [SERVER SCAN] Starting scan for MEXC...
[INFO] [TRACKER] Checking outcomes for 109 open trades...
[INFO] [TRACKER] Checking outcomes for 109 open trades...
[INFO] [TRACKER] Checking outcomes for 109 open trades...
[INFO] [TRACKER] Checking outcomes for 109 open trades...
[INFO] [TRACKER] Registered 11 new signals (11 replaced) for forward testing.
[INFO] [SERVER SCAN] Complete. Found 20 results.
[INFO] [TRACKER] Registered 10 new signals (10 replaced) for forward testing.
[INFO] [SERVER SCAN] Complete. Found 20 results.
[INFO] [TRACKER] Checking outcomes for 109 open trades...
[INFO] [TRACKER] Checking outcomes for 109 open trades...
[INFO] [TRACKER] Checking outcomes for 109 open trades...
[INFO] [TRACKER] Checking outcomes for 109 open trades...
[INFO] [TRACKER] Checking outcomes for 109 open trades...
[INFO] [TRACKER] Checking outcomes for 109 open trades...
[INFO] [TRACKER] Checking outcomes for 109 open trades...
[INFO] [TRACKER] Checking outcomes for 109 open trades...
[INFO] [TRACKER] Checking outcomes for 109 open trades...
