[2026-01-06T00:00:18.228Z] [INFO] [TRACKER] Checking outcomes for 106 open trades... 
[2026-01-06T00:01:18.228Z] [INFO] [TRACKER] Checking outcomes for 106 open trades... 
[2026-01-06T00:02:18.228Z] [INFO] [TRACKER] Checking outcomes for 106 open trades... 
[2026-01-06T00:03:18.229Z] [INFO] [TRACKER] Checking outcomes for 106 open trades... 
[2026-01-06T00:04:18.229Z] [INFO] [TRACKER] Checking outcomes for 106 open trades... 
[2026-01-06T00:05:18.229Z] [INFO] [TRACKER] Checking outcomes for 106 open trades... 
[2026-01-06T00:06:18.229Z] [INFO] [TRACKER] Checking outcomes for 106 open trades... 
[2026-01-06T00:07:18.223Z] [INFO] [SERVER SCAN] Starting scan for HYPERLIQUID... 
[2026-01-06T00:07:18.223Z] [INFO] [SERVER SCAN] Starting scan for MEXC... 
[2026-01-06T00:07:18.225Z] [INFO] [TRACKER] Checking outcomes for 106 open trades... 
[2026-01-06T00:07:18.225Z] [INFO] [TRACKER] Checking outcomes for 106 open trades... 
[2026-01-06T00:07:18.232Z] [INFO] [TRACKER] Checking outcomes for 106 open trades... 
[2026-01-06T00:07:43.713Z] [INFO] [TRACKER] Updated 1 trades. Performance updated. 
[2026-01-06T00:07:44.534Z] [INFO] [TRACKER] Updated 1 trades. Performance updated. 
[2026-01-06T00:07:44.655Z] [INFO] [TRACKER] Updated 1 trades. Performance updated. 
[2026-01-06T00:08:18.230Z] [INFO] [TRACKER] Checking outcomes for 105 open trades... 
[2026-01-06T00:08:41.075Z] [INFO] [TRACKER] Registered 13 new signals (12 replaced) for forward testing. 
[2026-01-06T00:08:41.075Z] [INFO] [SERVER SCAN] Complete. Found 20 results. 
[2026-01-06T00:08:42.352Z] [INFO] [TRACKER] Registered 12 new signals (10 replaced) for forward testing. 
[2026-01-06T00:08:42.353Z] [INFO] [SERVER SCAN] Complete. Found 20 results. 
[2026-01-06T00:09:18.230Z] [INFO] [TRACKER] Checking outcomes for 108 open trades... 
[2026-01-06T00:10:18.229Z] [INFO] [TRACKER] Checking outcomes for 108 open trades... 
[2026-01-06T00:11:18.230Z] [INFO] [TRACKER] Checking outcomes for 108 open trades... 
[2026-01-06T00:12:18.231Z] [INFO] [TRACKER] Checking outcomes for 108 open trades... 
[2026-01-06T00:13:18.232Z] [INFO] [TRACKER] Checking outcomes for 108 open trades... 
[2026-01-06T00:14:18.233Z] [INFO] [TRACKER] Checking outcomes for 108 open trades... 
[2026-01-06T00:15:18.233Z] [INFO] [TRACKER] Checking outcomes for 108 open trades... 
[2026-01-06T00:16:18.234Z] [INFO] [TRACKER] Checking outcomes for 108 open trades... 
[2026-01-06T00:17:18.234Z] [INFO] [TRACKER] Checking outcomes for 108 open trades... 
[2026-01-06T00:18:18.236Z] [INFO] [TRACKER] Checking outcomes for 108 open trades... 
[2026-01-06T00:19:18.236Z] [INFO] [TRACKER] Checking outcomes for 108 open trades... 
[2026-01-06T00:19:57.712Z] [INFO] [SERVER SCAN] Starting scan for KUCOIN... 
[2026-01-06T00:19:57.715Z] [INFO] [TRACKER] Checking outcomes for 108 open trades... 
[2026-01-06T00:20:18.236Z] [INFO] [TRACKER] Checking outcomes for 108 open trades... 
[2026-01-06T00:21:11.137Z] [INFO] [SERVER SCAN] Starting scan for KUCOIN... 
[2026-01-06T00:21:11.139Z] [INFO] [TRACKER] Checking outcomes for 108 open trades... 
[2026-01-06T00:21:18.237Z] [INFO] [TRACKER] Checking outcomes for 108 open trades... 
[2026-01-06T00:22:18.223Z] [INFO] [SERVER SCAN] Starting scan for HYPERLIQUID... 
[2026-01-06T00:22:18.223Z] [INFO] [SERVER SCAN] Starting scan for MEXC... 
[2026-01-06T00:22:18.225Z] [INFO] [TRACKER] Checking outcomes for 105 open trades... 
[2026-01-06T00:22:18.225Z] [INFO] [TRACKER] Checking outcomes for 105 open trades... 
[2026-01-06T00:22:18.237Z] [INFO] [TRACKER] Checking outcomes for 105 open trades... 
[2026-01-06T00:23:18.237Z] [INFO] [TRACKER] Checking outcomes for 105 open trades... 
[2026-01-06T00:23:39.157Z] [INFO] [TRACKER] Registered 10 new signals (10 replaced) for forward testing. 
[2026-01-06T00:23:39.158Z] [INFO] [SERVER SCAN] Complete. Found 20 results. 
[2026-01-06T00:23:40.192Z] [INFO] [TRACKER] Registered 7 new signals (7 replaced) for forward testing. 
[2026-01-06T00:23:40.193Z] [INFO] [SERVER SCAN] Complete. Found 20 results. 
[2026-01-06T00:24:18.238Z] [INFO] [TRACKER] Checking outcomes for 105 open trades... 
[2026-01-06T00:25:18.238Z] [INFO] [TRACKER] Checking outcomes for 105 open trades... 
[2026-01-06T00:26:18.237Z] [INFO] [TRACKER] Checking outcomes for 105 open trades... 
[2026-01-06T00:27:18.238Z] [INFO] [TRACKER] Checking outcomes for 105 open trades... 
[2026-01-06T00:28:18.237Z] [INFO] [TRACKER] Checking outcomes for 105 open trades... 
[2026-01-06T00:29:18.239Z] [INFO] [TRACKER] Checking outcomes for 105 open trades... 
[2026-01-06T00:30:18.240Z] [INFO] [TRACKER] Checking outcomes for 105 open trades... 
[2026-01-06T00:31:18.239Z] [INFO] [TRACKER] Checking outcomes for 105 open trades... 
[2026-01-06T00:32:18.240Z] [INFO] [TRACKER] Checking outcomes for 105 open trades... 
[2026-01-06T00:33:18.241Z] [INFO] [TRACKER] Checking outcomes for 105 open trades... 
[2026-01-06T00:33:25.850Z] [INFO] [SERVER SCAN] Starting scan for HYPERLIQUID... 
[2026-01-06T00:33:25.851Z] [INFO] [SERVER SCAN] Starting scan for MEXC... 
[2026-01-06T00:33:25.851Z] [INFO] [SERVER SCAN] Starting scan for KUCOIN... 
[2026-01-06T00:33:25.857Z] [INFO] [TRACKER] Checking outcomes for 105 open trades... 
[2026-01-06T00:33:25.858Z] [INFO] [TRACKER] Checking outcomes for 105 open trades... 
[2026-01-06T00:33:25.859Z] [INFO] [TRACKER] Checking outcomes for 105 open trades... 
[2026-01-06T00:34:25.855Z] [INFO] [TRACKER] Checking outcomes for 105 open trades... 
[2026-01-06T00:34:43.250Z] [INFO] [TRACKER] Registered 12 new signals (9 replaced) for forward testing. 
[2026-01-06T00:34:43.250Z] [INFO] [SERVER SCAN] Complete. Found 20 results. 
[2026-01-06T00:34:45.451Z] [INFO] [TRACKER] Registered 18 new signals (0 replaced) for forward testing. 
[2026-01-06T00:34:45.452Z] [INFO] [SERVER SCAN] Complete. Found 20 results. 
[2026-01-06T00:34:48.280Z] [INFO] [TRACKER] Registered 10 new signals (10 replaced) for forward testing. 
[2026-01-06T00:34:48.281Z] [INFO] [SERVER SCAN] Complete. Found 20 results. 
[2026-01-06T00:35:25.853Z] [INFO] [TRACKER] Checking outcomes for 126 open trades... 
[2026-01-06T00:36:25.854Z] [INFO] [TRACKER] Checking outcomes for 126 open trades... 
[2026-01-06T00:37:25.853Z] [INFO] [TRACKER] Checking outcomes for 126 open trades... 
[2026-01-06T00:38:25.854Z] [INFO] [TRACKER] Checking outcomes for 126 open trades... 
[2026-01-06T00:39:25.855Z] [INFO] [TRACKER] Checking outcomes for 126 open trades... 
[2026-01-06T00:40:25.855Z] [INFO] [TRACKER] Checking outcomes for 126 open trades... 
[2026-01-06T00:41:25.855Z] [INFO] [TRACKER] Checking outcomes for 126 open trades... 
[2026-01-06T00:42:25.856Z] [INFO] [TRACKER] Checking outcomes for 126 open trades... 
[2026-01-06T00:43:25.855Z] [INFO] [TRACKER] Checking outcomes for 126 open trades... 
[2026-01-06T00:44:25.856Z] [INFO] [TRACKER] Checking outcomes for 126 open trades... 
[2026-01-06T00:45:25.856Z] [INFO] [TRACKER] Checking outcomes for 126 open trades... 
[2026-01-06T00:46:25.856Z] [INFO] [TRACKER] Checking outcomes for 126 open trades... 
[2026-01-06T00:47:25.857Z] [INFO] [TRACKER] Checking outcomes for 126 open trades... 
[2026-01-06T00:48:25.852Z] [INFO] [SERVER SCAN] Starting scan for HYPERLIQUID... 
[2026-01-06T00:48:25.852Z] [INFO] [SERVER SCAN] Starting scan for MEXC... 
[2026-01-06T00:48:25.852Z] [INFO] [SERVER SCAN] Starting scan for KUCOIN... 
[2026-01-06T00:48:25.856Z] [INFO] [TRACKER] Checking outcomes for 126 open trades... 
[2026-01-06T00:48:25.856Z] [INFO] [TRACKER] Checking outcomes for 126 open trades... 
[2026-01-06T00:48:25.856Z] [INFO] [TRACKER] Checking outcomes for 126 open trades... 
[2026-01-06T00:48:25.866Z] [INFO] [TRACKER] Checking outcomes for 126 open trades... 
[2026-01-06T00:49:25.857Z] [INFO] [TRACKER] Checking outcomes for 126 open trades... 
[2026-01-06T00:49:50.593Z] [INFO] [TRACKER] Registered 10 new signals (10 replaced) for forward testing. 
[2026-01-06T00:49:50.594Z] [INFO] [SERVER SCAN] Complete. Found 20 results. 
[2026-01-06T00:49:51.002Z] [INFO] [TRACKER] Registered 15 new signals (11 replaced) for forward testing. 
[2026-01-06T00:49:51.003Z] [INFO] [SERVER SCAN] Complete. Found 20 results. 
[2026-01-06T00:49:54.678Z] [INFO] [TRACKER] Registered 7 new signals (7 replaced) for forward testing. 
[2026-01-06T00:49:54.678Z] [INFO] [SERVER SCAN] Complete. Found 20 results. 
[2026-01-06T00:50:25.858Z] [INFO] [TRACKER] Checking outcomes for 130 open trades... 
[2026-01-06T00:51:25.858Z] [INFO] [TRACKER] Checking outcomes for 130 open trades... 
[2026-01-06T00:52:25.858Z] [INFO] [TRACKER] Checking outcomes for 130 open trades... 
[2026-01-06T00:53:25.858Z] [INFO] [TRACKER] Checking outcomes for 130 open trades... 
[2026-01-06T00:54:25.858Z] [INFO] [TRACKER] Checking outcomes for 130 open trades... 
[2026-01-06T00:55:25.857Z] [INFO] [TRACKER] Checking outcomes for 130 open trades... 
[2026-01-06T00:56:25.858Z] [INFO] [TRACKER] Checking outcomes for 130 open trades... 
[2026-01-06T00:57:25.858Z] [INFO] [TRACKER] Checking outcomes for 130 open trades... 
[2026-01-06T00:58:25.858Z] [INFO] [TRACKER] Checking outcomes for 130 open trades... 
[2026-01-06T00:59:25.858Z] [INFO] [TRACKER] Checking outcomes for 130 open trades... 
[2026-01-06T01:00:25.857Z] [INFO] [TRACKER] Checking outcomes for 130 open trades... 
[2026-01-06T01:01:25.858Z] [INFO] [TRACKER] Checking outcomes for 130 open trades... 
[2026-01-06T01:02:25.859Z] [INFO] [TRACKER] Checking outcomes for 130 open trades... 
[2026-01-06T01:03:25.852Z] [INFO] [SERVER SCAN] Starting scan for HYPERLIQUID... 
[2026-01-06T01:03:25.852Z] [INFO] [SERVER SCAN] Starting scan for MEXC... 
[2026-01-06T01:03:25.852Z] [INFO] [SERVER SCAN] Starting scan for KUCOIN... 
[2026-01-06T01:03:25.855Z] [INFO] [TRACKER] Checking outcomes for 130 open trades... 
[2026-01-06T01:03:25.855Z] [INFO] [TRACKER] Checking outcomes for 130 open trades... 
[2026-01-06T01:03:25.856Z] [INFO] [TRACKER] Checking outcomes for 130 open trades... 
[2026-01-06T01:03:25.865Z] [INFO] [TRACKER] Checking outcomes for 130 open trades... 
[2026-01-06T01:04:25.863Z] [INFO] [TRACKER] Checking outcomes for 130 open trades... 
[2026-01-06T01:04:51.638Z] [INFO] [TRACKER] Registered 8 new signals (5 replaced) for forward testing. 
[2026-01-06T01:04:51.639Z] [INFO] [SERVER SCAN] Complete. Found 20 results. 
[2026-01-06T01:04:52.473Z] [INFO] [TRACKER] Registered 11 new signals (9 replaced) for forward testing. 
[2026-01-06T01:04:52.474Z] [INFO] [SERVER SCAN] Complete. Found 20 results. 
[2026-01-06T01:04:55.308Z] [INFO] [TRACKER] Registered 6 new signals (5 replaced) for forward testing. 
[2026-01-06T01:04:55.309Z] [INFO] [SERVER SCAN] Complete. Found 20 results. 
[2026-01-06T01:05:25.865Z] [INFO] [TRACKER] Checking outcomes for 136 open trades... 
[2026-01-06T01:06:25.863Z] [INFO] [TRACKER] Checking outcomes for 136 open trades... 
[2026-01-06T01:07:25.864Z] [INFO] [TRACKER] Checking outcomes for 136 open trades... 
[2026-01-06T01:08:25.865Z] [INFO] [TRACKER] Checking outcomes for 136 open trades... 
[2026-01-06T01:09:25.865Z] [INFO] [TRACKER] Checking outcomes for 136 open trades... 
[2026-01-06T01:10:25.867Z] [INFO] [TRACKER] Checking outcomes for 136 open trades... 
[2026-01-06T01:11:25.871Z] [INFO] [TRACKER] Checking outcomes for 136 open trades... 
[2026-01-06T01:12:25.868Z] [INFO] [TRACKER] Checking outcomes for 136 open trades... 
[2026-01-06T01:13:25.867Z] [INFO] [TRACKER] Checking outcomes for 136 open trades... 
[2026-01-06T01:14:25.868Z] [INFO] [TRACKER] Checking outcomes for 136 open trades... 
[2026-01-06T01:15:25.868Z] [INFO] [TRACKER] Checking outcomes for 136 open trades... 
[2026-01-06T01:16:25.869Z] [INFO] [TRACKER] Checking outcomes for 136 open trades... 
[2026-01-06T01:17:25.869Z] [INFO] [TRACKER] Checking outcomes for 136 open trades... 
[2026-01-06T01:18:25.852Z] [INFO] [SERVER SCAN] Starting scan for HYPERLIQUID... 
[2026-01-06T01:18:25.853Z] [INFO] [SERVER SCAN] Starting scan for MEXC... 
[2026-01-06T01:18:25.853Z] [INFO] [SERVER SCAN] Starting scan for KUCOIN... 
[2026-01-06T01:18:25.856Z] [INFO] [TRACKER] Checking outcomes for 136 open trades... 
[2026-01-06T01:18:25.856Z] [INFO] [TRACKER] Checking outcomes for 136 open trades... 
[2026-01-06T01:18:25.857Z] [INFO] [TRACKER] Checking outcomes for 136 open trades... 
[2026-01-06T01:18:25.869Z] [INFO] [TRACKER] Checking outcomes for 136 open trades... 
[2026-01-06T01:19:25.870Z] [INFO] [TRACKER] Checking outcomes for 136 open trades... 
[2026-01-06T01:19:52.829Z] [INFO] [TRACKER] Registered 6 new signals (5 replaced) for forward testing. 
[2026-01-06T01:19:52.830Z] [INFO] [SERVER SCAN] Complete. Found 20 results. 
[2026-01-06T01:19:52.891Z] [INFO] [TRACKER] Registered 4 new signals (3 replaced) for forward testing. 
[2026-01-06T01:19:52.892Z] [INFO] [SERVER SCAN] Complete. Found 20 results. 
[2026-01-06T01:19:56.755Z] [INFO] [TRACKER] Registered 7 new signals (7 replaced) for forward testing. 
[2026-01-06T01:19:56.756Z] [INFO] [SERVER SCAN] Complete. Found 20 results. 
[2026-01-06T01:20:25.871Z] [INFO] [TRACKER] Checking outcomes for 138 open trades... 
[2026-01-06T01:21:25.871Z] [INFO] [TRACKER] Checking outcomes for 138 open trades... 
[2026-01-06T01:22:25.871Z] [INFO] [TRACKER] Checking outcomes for 138 open trades... 
[2026-01-06T01:23:25.871Z] [INFO] [TRACKER] Checking outcomes for 138 open trades... 
[2026-01-06T01:24:25.871Z] [INFO] [TRACKER] Checking outcomes for 138 open trades... 
[2026-01-06T01:25:25.871Z] [INFO] [TRACKER] Checking outcomes for 138 open trades... 
[2026-01-06T01:26:25.871Z] [INFO] [TRACKER] Checking outcomes for 138 open trades... 
[2026-01-06T01:27:25.873Z] [INFO] [TRACKER] Checking outcomes for 138 open trades... 
[2026-01-06T01:28:25.874Z] [INFO] [TRACKER] Checking outcomes for 138 open trades... 
[2026-01-06T01:29:25.874Z] [INFO] [TRACKER] Checking outcomes for 138 open trades... 
[2026-01-06T01:30:25.876Z] [INFO] [TRACKER] Checking outcomes for 138 open trades... 
[2026-01-06T01:30:59.407Z] [INFO] [TRACKER] Updated 1 trades. Performance updated. 
[2026-01-06T01:31:25.877Z] [INFO] [TRACKER] Checking outcomes for 138 open trades... 
[2026-01-06T01:32:25.878Z] [INFO] [TRACKER] Checking outcomes for 138 open trades... 
[2026-01-06T01:33:25.853Z] [INFO] [SERVER SCAN] Starting scan for HYPERLIQUID... 
[2026-01-06T01:33:25.853Z] [INFO] [SERVER SCAN] Starting scan for MEXC... 
[2026-01-06T01:33:25.853Z] [INFO] [SERVER SCAN] Starting scan for KUCOIN... 
[2026-01-06T01:33:25.856Z] [INFO] [TRACKER] Checking outcomes for 138 open trades... 
[2026-01-06T01:33:25.857Z] [INFO] [TRACKER] Checking outcomes for 138 open trades... 
[2026-01-06T01:33:25.857Z] [INFO] [TRACKER] Checking outcomes for 138 open trades... 
[2026-01-06T01:33:25.879Z] [INFO] [TRACKER] Checking outcomes for 138 open trades... 
[2026-01-06T01:34:25.881Z] [INFO] [TRACKER] Checking outcomes for 138 open trades... 
[2026-01-06T01:34:54.508Z] [INFO] [TRACKER] Registered 5 new signals (3 replaced) for forward testing. 
[2026-01-06T01:34:54.509Z] [INFO] [SERVER SCAN] Complete. Found 20 results. 
[2026-01-06T01:34:56.216Z] [INFO] [TRACKER] Registered 2 new signals (1 replaced) for forward testing. 
[2026-01-06T01:34:56.217Z] [INFO] [SERVER SCAN] Complete. Found 20 results. 
[2026-01-06T01:34:57.316Z] [INFO] [TRACKER] Registered 2 new signals (2 replaced) for forward testing. 
[2026-01-06T01:34:57.316Z] [INFO] [SERVER SCAN] Complete. Found 20 results. 
[2026-01-06T01:35:25.880Z] [INFO] [TRACKER] Checking outcomes for 141 open trades... 
[2026-01-06T01:36:25.880Z] [INFO] [TRACKER] Checking outcomes for 141 open trades... 
[2026-01-06T01:37:25.881Z] [INFO] [TRACKER] Checking outcomes for 141 open trades... 
[2026-01-06T01:38:25.881Z] [INFO] [TRACKER] Checking outcomes for 141 open trades... 
[2026-01-06T01:39:25.882Z] [INFO] [TRACKER] Checking outcomes for 141 open trades... 
[2026-01-06T01:40:25.883Z] [INFO] [TRACKER] Checking outcomes for 141 open trades... 
[2026-01-06T01:41:25.883Z] [INFO] [TRACKER] Checking outcomes for 141 open trades... 
[2026-01-06T01:42:25.884Z] [INFO] [TRACKER] Checking outcomes for 141 open trades... 
[2026-01-06T01:43:25.883Z] [INFO] [TRACKER] Checking outcomes for 141 open trades... 
[2026-01-06T01:44:25.884Z] [INFO] [TRACKER] Checking outcomes for 141 open trades... 
[2026-01-06T01:45:25.884Z] [INFO] [TRACKER] Checking outcomes for 141 open trades... 
[2026-01-06T01:46:25.884Z] [INFO] [TRACKER] Checking outcomes for 141 open trades... 
[2026-01-06T01:47:25.885Z] [INFO] [TRACKER] Checking outcomes for 141 open trades... 
[2026-01-06T01:48:25.853Z] [INFO] [SERVER SCAN] Starting scan for HYPERLIQUID... 
[2026-01-06T01:48:25.853Z] [INFO] [SERVER SCAN] Starting scan for MEXC... 
[2026-01-06T01:48:25.853Z] [INFO] [SERVER SCAN] Starting scan for KUCOIN... 
[2026-01-06T01:48:25.856Z] [INFO] [TRACKER] Checking outcomes for 141 open trades... 
[2026-01-06T01:48:25.856Z] [INFO] [TRACKER] Checking outcomes for 141 open trades... 
[2026-01-06T01:48:25.857Z] [INFO] [TRACKER] Checking outcomes for 141 open trades... 
[2026-01-06T01:48:25.887Z] [INFO] [TRACKER] Checking outcomes for 141 open trades... 
[2026-01-06T01:49:25.885Z] [INFO] [TRACKER] Checking outcomes for 141 open trades... 
[2026-01-06T01:49:53.789Z] [INFO] [TRACKER] Registered 9 new signals (9 replaced) for forward testing. 
[2026-01-06T01:49:53.793Z] [INFO] [SERVER SCAN] Complete. Found 20 results. 
[2026-01-06T01:49:56.490Z] [INFO] [TRACKER] Registered 6 new signals (5 replaced) for forward testing. 
[2026-01-06T01:49:56.490Z] [INFO] [SERVER SCAN] Complete. Found 20 results. 
[2026-01-06T01:49:56.588Z] [INFO] [TRACKER] Registered 5 new signals (5 replaced) for forward testing. 
[2026-01-06T01:49:56.589Z] [INFO] [SERVER SCAN] Complete. Found 20 results. 
[2026-01-06T01:50:25.887Z] [INFO] [TRACKER] Checking outcomes for 142 open trades... 
[2026-01-06T01:51:25.887Z] [INFO] [TRACKER] Checking outcomes for 142 open trades... 
[2026-01-06T01:52:25.888Z] [INFO] [TRACKER] Checking outcomes for 142 open trades... 
[2026-01-06T01:53:25.889Z] [INFO] [TRACKER] Checking outcomes for 142 open trades... 
[2026-01-06T01:54:25.889Z] [INFO] [TRACKER] Checking outcomes for 142 open trades... 
[2026-01-06T01:55:25.889Z] [INFO] [TRACKER] Checking outcomes for 142 open trades... 
[2026-01-06T01:56:25.889Z] [INFO] [TRACKER] Checking outcomes for 142 open trades... 
[2026-01-06T01:57:25.889Z] [INFO] [TRACKER] Checking outcomes for 142 open trades... 
[2026-01-06T01:58:25.890Z] [INFO] [TRACKER] Checking outcomes for 142 open trades... 
[2026-01-06T01:59:25.891Z] [INFO] [TRACKER] Checking outcomes for 142 open trades... 
[2026-01-06T02:00:25.890Z] [INFO] [TRACKER] Checking outcomes for 142 open trades... 
[2026-01-06T02:01:25.891Z] [INFO] [TRACKER] Checking outcomes for 142 open trades... 
[2026-01-06T02:02:25.892Z] [INFO] [TRACKER] Checking outcomes for 142 open trades... 
[2026-01-06T02:03:25.853Z] [INFO] [SERVER SCAN] Starting scan for HYPERLIQUID... 
[2026-01-06T02:03:25.853Z] [INFO] [SERVER SCAN] Starting scan for MEXC... 
[2026-01-06T02:03:25.853Z] [INFO] [SERVER SCAN] Starting scan for KUCOIN... 
[2026-01-06T02:03:25.856Z] [INFO] [TRACKER] Checking outcomes for 142 open trades... 
[2026-01-06T02:03:25.856Z] [INFO] [TRACKER] Checking outcomes for 142 open trades... 
[2026-01-06T02:03:25.857Z] [INFO] [TRACKER] Checking outcomes for 142 open trades... 
[2026-01-06T02:03:25.895Z] [INFO] [TRACKER] Checking outcomes for 142 open trades... 
[2026-01-06T02:04:25.893Z] [INFO] [TRACKER] Checking outcomes for 142 open trades... 
[2026-01-06T02:04:54.455Z] [INFO] [TRACKER] Registered 7 new signals (6 replaced) for forward testing. 
[2026-01-06T02:04:54.455Z] [INFO] [SERVER SCAN] Complete. Found 20 results. 
[2026-01-06T02:04:57.356Z] [INFO] [TRACKER] Registered 6 new signals (6 replaced) for forward testing. 
[2026-01-06T02:04:57.356Z] [INFO] [SERVER SCAN] Complete. Found 20 results. 
[2026-01-06T02:04:57.783Z] [INFO] [TRACKER] Registered 9 new signals (9 replaced) for forward testing. 
[2026-01-06T02:04:57.783Z] [INFO] [SERVER SCAN] Complete. Found 20 results. 
[2026-01-06T02:05:25.894Z] [INFO] [TRACKER] Checking outcomes for 143 open trades... 
[2026-01-06T02:06:25.893Z] [INFO] [TRACKER] Checking outcomes for 143 open trades... 
[2026-01-06T02:07:25.893Z] [INFO] [TRACKER] Checking outcomes for 143 open trades... 
[2026-01-06T02:08:25.894Z] [INFO] [TRACKER] Checking outcomes for 143 open trades... 
[2026-01-06T02:09:25.894Z] [INFO] [TRACKER] Checking outcomes for 143 open trades... 
[2026-01-06T02:10:25.895Z] [INFO] [TRACKER] Checking outcomes for 143 open trades... 
[2026-01-06T02:11:25.894Z] [INFO] [TRACKER] Checking outcomes for 143 open trades... 
[2026-01-06T02:12:25.896Z] [INFO] [TRACKER] Checking outcomes for 143 open trades... 
[2026-01-06T02:13:25.897Z] [INFO] [TRACKER] Checking outcomes for 143 open trades... 
[2026-01-06T02:14:25.897Z] [INFO] [TRACKER] Checking outcomes for 143 open trades... 
[2026-01-06T02:15:25.897Z] [INFO] [TRACKER] Checking outcomes for 143 open trades... 
[2026-01-06T02:16:25.898Z] [INFO] [TRACKER] Checking outcomes for 143 open trades... 
[2026-01-06T02:17:25.898Z] [INFO] [TRACKER] Checking outcomes for 143 open trades... 
[2026-01-06T02:18:25.852Z] [INFO] [SERVER SCAN] Starting scan for HYPERLIQUID... 
[2026-01-06T02:18:25.853Z] [INFO] [SERVER SCAN] Starting scan for MEXC... 
[2026-01-06T02:18:25.853Z] [INFO] [SERVER SCAN] Starting scan for KUCOIN... 
[2026-01-06T02:18:25.856Z] [INFO] [TRACKER] Checking outcomes for 143 open trades... 
[2026-01-06T02:18:25.857Z] [INFO] [TRACKER] Checking outcomes for 143 open trades... 
[2026-01-06T02:18:25.857Z] [INFO] [TRACKER] Checking outcomes for 143 open trades... 
[2026-01-06T02:18:25.898Z] [INFO] [TRACKER] Checking outcomes for 143 open trades... 
[2026-01-06T02:19:25.898Z] [INFO] [TRACKER] Checking outcomes for 143 open trades... 
[2026-01-06T02:19:53.418Z] [INFO] [TRACKER] Registered 10 new signals (8 replaced) for forward testing. 
[2026-01-06T02:19:53.418Z] [INFO] [SERVER SCAN] Complete. Found 20 results. 
[2026-01-06T02:19:54.251Z] [INFO] [TRACKER] Registered 12 new signals (9 replaced) for forward testing. 
[2026-01-06T02:19:54.251Z] [INFO] [SERVER SCAN] Complete. Found 20 results. 
[2026-01-06T02:19:57.677Z] [INFO] [TRACKER] Registered 8 new signals (8 replaced) for forward testing. 
[2026-01-06T02:19:57.677Z] [INFO] [SERVER SCAN] Complete. Found 20 results. 
[2026-01-06T02:19:59.973Z] [INFO] [TRACKER] Updated 1 trades. Performance updated. 
[2026-01-06T02:20:25.898Z] [INFO] [TRACKER] Checking outcomes for 143 open trades... 
[2026-01-06T02:21:25.900Z] [INFO] [TRACKER] Checking outcomes for 143 open trades... 
[2026-01-06T02:21:59.873Z] [INFO] [TRACKER] Updated 1 trades. Performance updated. 
[2026-01-06T02:22:25.900Z] [INFO] [TRACKER] Checking outcomes for 143 open trades... 
[2026-01-06T02:23:25.900Z] [INFO] [TRACKER] Checking outcomes for 143 open trades... 
[2026-01-06T02:24:25.901Z] [INFO] [TRACKER] Checking outcomes for 143 open trades... 
[2026-01-06T02:25:25.902Z] [INFO] [TRACKER] Checking outcomes for 143 open trades... 
[2026-01-06T02:26:25.902Z] [INFO] [TRACKER] Checking outcomes for 143 open trades... 
[2026-01-06T02:27:25.903Z] [INFO] [TRACKER] Checking outcomes for 143 open trades... 
[2026-01-06T02:28:25.904Z] [INFO] [TRACKER] Checking outcomes for 143 open trades... 
[2026-01-06T02:29:25.903Z] [INFO] [TRACKER] Checking outcomes for 143 open trades... 
[2026-01-06T02:30:25.904Z] [INFO] [TRACKER] Checking outcomes for 143 open trades... 
[2026-01-06T02:31:25.905Z] [INFO] [TRACKER] Checking outcomes for 143 open trades... 
[2026-01-06T02:32:25.905Z] [INFO] [TRACKER] Checking outcomes for 143 open trades... 
[2026-01-06T02:33:25.853Z] [INFO] [SERVER SCAN] Starting scan for HYPERLIQUID... 
[2026-01-06T02:33:25.853Z] [INFO] [SERVER SCAN] Starting scan for MEXC... 
[2026-01-06T02:33:25.853Z] [INFO] [SERVER SCAN] Starting scan for KUCOIN... 
[2026-01-06T02:33:25.856Z] [INFO] [TRACKER] Checking outcomes for 143 open trades... 
[2026-01-06T02:33:25.857Z] [INFO] [TRACKER] Checking outcomes for 143 open trades... 
[2026-01-06T02:33:25.857Z] [INFO] [TRACKER] Checking outcomes for 143 open trades... 
[2026-01-06T02:33:25.904Z] [INFO] [TRACKER] Checking outcomes for 143 open trades... 
[2026-01-06T02:34:25.905Z] [INFO] [TRACKER] Checking outcomes for 143 open trades... 
[2026-01-06T02:34:53.331Z] [INFO] [TRACKER] Registered 14 new signals (9 replaced) for forward testing. 
[2026-01-06T02:34:53.332Z] [INFO] [SERVER SCAN] Complete. Found 20 results. 
[2026-01-06T02:34:54.506Z] [INFO] [TRACKER] Registered 9 new signals (9 replaced) for forward testing. 
[2026-01-06T02:34:54.507Z] [INFO] [SERVER SCAN] Complete. Found 20 results. 
[2026-01-06T02:34:55.414Z] [INFO] [TRACKER] Registered 8 new signals (7 replaced) for forward testing. 
[2026-01-06T02:34:55.415Z] [INFO] [SERVER SCAN] Complete. Found 20 results. 
[2026-01-06T02:35:25.905Z] [INFO] [TRACKER] Checking outcomes for 149 open trades... 
[2026-01-06T02:36:25.906Z] [INFO] [TRACKER] Checking outcomes for 149 open trades... 
[2026-01-06T02:37:25.906Z] [INFO] [TRACKER] Checking outcomes for 149 open trades... 
[2026-01-06T02:38:02.499Z] [INFO] [TRACKER] Updated 1 trades. Performance updated. 
[2026-01-06T02:38:25.906Z] [INFO] [TRACKER] Checking outcomes for 148 open trades... 
[2026-01-06T02:39:25.907Z] [INFO] [TRACKER] Checking outcomes for 148 open trades... 
[2026-01-06T02:40:25.908Z] [INFO] [TRACKER] Checking outcomes for 148 open trades... 
[2026-01-06T02:41:25.911Z] [INFO] [TRACKER] Checking outcomes for 148 open trades... 
[2026-01-06T02:42:25.912Z] [INFO] [TRACKER] Checking outcomes for 148 open trades... 
[2026-01-06T02:43:25.913Z] [INFO] [TRACKER] Checking outcomes for 148 open trades... 
[2026-01-06T02:44:25.913Z] [INFO] [TRACKER] Checking outcomes for 148 open trades... 
[2026-01-06T02:45:25.914Z] [INFO] [TRACKER] Checking outcomes for 148 open trades... 
[2026-01-06T02:46:25.913Z] [INFO] [TRACKER] Checking outcomes for 148 open trades... 
[2026-01-06T02:47:25.915Z] [INFO] [TRACKER] Checking outcomes for 148 open trades... 
[2026-01-06T02:48:25.853Z] [INFO] [SERVER SCAN] Starting scan for HYPERLIQUID... 
[2026-01-06T02:48:25.853Z] [INFO] [SERVER SCAN] Starting scan for MEXC... 
[2026-01-06T02:48:25.853Z] [INFO] [SERVER SCAN] Starting scan for KUCOIN... 
[2026-01-06T02:48:25.856Z] [INFO] [TRACKER] Checking outcomes for 148 open trades... 
[2026-01-06T02:48:25.856Z] [INFO] [TRACKER] Checking outcomes for 148 open trades... 
[2026-01-06T02:48:25.857Z] [INFO] [TRACKER] Checking outcomes for 148 open trades... 
[2026-01-06T02:48:25.914Z] [INFO] [TRACKER] Checking outcomes for 148 open trades... 
[2026-01-06T02:49:25.917Z] [INFO] [TRACKER] Checking outcomes for 148 open trades... 
[2026-01-06T02:49:55.197Z] [INFO] [TRACKER] Registered 11 new signals (10 replaced) for forward testing. 
[2026-01-06T02:49:55.198Z] [INFO] [SERVER SCAN] Complete. Found 20 results. 
[2026-01-06T02:49:56.286Z] [INFO] [TRACKER] Registered 13 new signals (9 replaced) for forward testing. 
[2026-01-06T02:49:56.286Z] [INFO] [SERVER SCAN] Complete. Found 20 results. 
[2026-01-06T02:49:58.177Z] [INFO] [TRACKER] Registered 7 new signals (7 replaced) for forward testing. 
[2026-01-06T02:49:58.177Z] [INFO] [SERVER SCAN] Complete. Found 20 results. 
[2026-01-06T02:50:25.915Z] [INFO] [TRACKER] Checking outcomes for 153 open trades... 
[2026-01-06T02:51:25.917Z] [INFO] [TRACKER] Checking outcomes for 153 open trades... 
[2026-01-06T02:52:25.917Z] [INFO] [TRACKER] Checking outcomes for 153 open trades... 
[2026-01-06T02:53:25.918Z] [INFO] [TRACKER] Checking outcomes for 153 open trades... 
[2026-01-06T02:54:25.918Z] [INFO] [TRACKER] Checking outcomes for 153 open trades... 
[2026-01-06T02:55:25.917Z] [INFO] [TRACKER] Checking outcomes for 153 open trades... 
[2026-01-06T02:56:25.918Z] [INFO] [TRACKER] Checking outcomes for 153 open trades... 
[2026-01-06T02:57:25.918Z] [INFO] [TRACKER] Checking outcomes for 153 open trades... 
[2026-01-06T02:58:25.917Z] [INFO] [TRACKER] Checking outcomes for 153 open trades... 
[2026-01-06T02:59:25.918Z] [INFO] [TRACKER] Checking outcomes for 153 open trades... 
[2026-01-06T03:00:06.083Z] [INFO] [TRACKER] Updated 1 trades. Performance updated. 
[2026-01-06T03:00:25.919Z] [INFO] [TRACKER] Checking outcomes for 153 open trades... 
[2026-01-06T03:01:25.919Z] [INFO] [TRACKER] Checking outcomes for 153 open trades... 
[2026-01-06T03:02:25.919Z] [INFO] [TRACKER] Checking outcomes for 153 open trades... 
[2026-01-06T03:03:25.852Z] [INFO] [SERVER SCAN] Starting scan for HYPERLIQUID... 
[2026-01-06T03:03:25.852Z] [INFO] [SERVER SCAN] Starting scan for MEXC... 
[2026-01-06T03:03:25.852Z] [INFO] [SERVER SCAN] Starting scan for KUCOIN... 
[2026-01-06T03:03:25.856Z] [INFO] [TRACKER] Checking outcomes for 153 open trades... 
[2026-01-06T03:03:25.856Z] [INFO] [TRACKER] Checking outcomes for 153 open trades... 
[2026-01-06T03:03:25.857Z] [INFO] [TRACKER] Checking outcomes for 153 open trades... 
[2026-01-06T03:03:25.919Z] [INFO] [TRACKER] Checking outcomes for 153 open trades... 
[2026-01-06T03:04:25.919Z] [INFO] [TRACKER] Checking outcomes for 153 open trades... 
[2026-01-06T03:04:57.242Z] [INFO] [TRACKER] Registered 12 new signals (12 replaced) for forward testing. 
[2026-01-06T03:04:57.242Z] [INFO] [SERVER SCAN] Complete. Found 20 results. 
[2026-01-06T03:04:59.804Z] [INFO] [TRACKER] Registered 7 new signals (6 replaced) for forward testing. 
[2026-01-06T03:04:59.804Z] [INFO] [SERVER SCAN] Complete. Found 20 results. 
[2026-01-06T03:05:00.491Z] [INFO] [TRACKER] Registered 7 new signals (7 replaced) for forward testing. 
[2026-01-06T03:05:00.492Z] [INFO] [SERVER SCAN] Complete. Found 20 results. 
[2026-01-06T03:05:25.919Z] [INFO] [TRACKER] Checking outcomes for 154 open trades... 
[2026-01-06T03:06:25.919Z] [INFO] [TRACKER] Checking outcomes for 154 open trades... 
[2026-01-06T03:07:25.919Z] [INFO] [TRACKER] Checking outcomes for 154 open trades... 
[2026-01-06T03:08:25.919Z] [INFO] [TRACKER] Checking outcomes for 154 open trades... 
[2026-01-06T03:09:25.919Z] [INFO] [TRACKER] Checking outcomes for 154 open trades... 
[2026-01-06T03:10:25.919Z] [INFO] [TRACKER] Checking outcomes for 154 open trades... 
[2026-01-06T03:11:25.919Z] [INFO] [TRACKER] Checking outcomes for 154 open trades... 
[2026-01-06T03:12:25.918Z] [INFO] [TRACKER] Checking outcomes for 154 open trades... 
[2026-01-06T03:13:25.919Z] [INFO] [TRACKER] Checking outcomes for 154 open trades... 
[2026-01-06T03:14:25.919Z] [INFO] [TRACKER] Checking outcomes for 154 open trades... 
[2026-01-06T03:15:25.919Z] [INFO] [TRACKER] Checking outcomes for 154 open trades... 
[2026-01-06T03:16:25.919Z] [INFO] [TRACKER] Checking outcomes for 154 open trades... 
[2026-01-06T03:17:25.919Z] [INFO] [TRACKER] Checking outcomes for 154 open trades... 
[2026-01-06T03:18:25.852Z] [INFO] [SERVER SCAN] Starting scan for HYPERLIQUID... 
[2026-01-06T03:18:25.852Z] [INFO] [SERVER SCAN] Starting scan for MEXC... 
[2026-01-06T03:18:25.852Z] [INFO] [SERVER SCAN] Starting scan for KUCOIN... 
[2026-01-06T03:18:25.856Z] [INFO] [TRACKER] Checking outcomes for 154 open trades... 
[2026-01-06T03:18:25.856Z] [INFO] [TRACKER] Checking outcomes for 154 open trades... 
[2026-01-06T03:18:25.856Z] [INFO] [TRACKER] Checking outcomes for 154 open trades... 
[2026-01-06T03:18:25.920Z] [INFO] [TRACKER] Checking outcomes for 154 open trades... 
[2026-01-06T03:19:25.918Z] [INFO] [TRACKER] Checking outcomes for 154 open trades... 
[2026-01-06T03:19:56.902Z] [INFO] [TRACKER] Registered 11 new signals (9 replaced) for forward testing. 
[2026-01-06T03:19:56.902Z] [INFO] [SERVER SCAN] Complete. Found 20 results. 
[2026-01-06T03:19:58.019Z] [INFO] [TRACKER] Registered 9 new signals (8 replaced) for forward testing. 
[2026-01-06T03:19:58.020Z] [INFO] [SERVER SCAN] Complete. Found 20 results. 
[2026-01-06T03:19:59.252Z] [INFO] [TRACKER] Registered 6 new signals (6 replaced) for forward testing. 
[2026-01-06T03:19:59.252Z] [INFO] [SERVER SCAN] Complete. Found 20 results. 
[2026-01-06T03:20:25.920Z] [INFO] [TRACKER] Checking outcomes for 157 open trades... 
[2026-01-06T03:21:25.920Z] [INFO] [TRACKER] Checking outcomes for 157 open trades... 
[2026-01-06T03:22:25.921Z] [INFO] [TRACKER] Checking outcomes for 157 open trades... 
[2026-01-06T03:23:25.921Z] [INFO] [TRACKER] Checking outcomes for 157 open trades... 
[2026-01-06T03:24:25.922Z] [INFO] [TRACKER] Checking outcomes for 157 open trades... 
[2026-01-06T03:25:25.921Z] [INFO] [TRACKER] Checking outcomes for 157 open trades... 
[2026-01-06T03:26:25.924Z] [INFO] [TRACKER] Checking outcomes for 157 open trades... 
[2026-01-06T03:27:25.924Z] [INFO] [TRACKER] Checking outcomes for 157 open trades... 
[2026-01-06T03:28:25.924Z] [INFO] [TRACKER] Checking outcomes for 157 open trades... 
[2026-01-06T03:29:25.925Z] [INFO] [TRACKER] Checking outcomes for 157 open trades... 
[2026-01-06T03:30:25.925Z] [INFO] [TRACKER] Checking outcomes for 157 open trades... 
[2026-01-06T03:31:25.926Z] [INFO] [TRACKER] Checking outcomes for 157 open trades... 
[2026-01-06T03:32:25.927Z] [INFO] [TRACKER] Checking outcomes for 157 open trades... 
[2026-01-06T03:33:25.853Z] [INFO] [SERVER SCAN] Starting scan for HYPERLIQUID... 
[2026-01-06T03:33:25.853Z] [INFO] [SERVER SCAN] Starting scan for MEXC... 
[2026-01-06T03:33:25.853Z] [INFO] [SERVER SCAN] Starting scan for KUCOIN... 
[2026-01-06T03:33:25.856Z] [INFO] [TRACKER] Checking outcomes for 157 open trades... 
[2026-01-06T03:33:25.857Z] [INFO] [TRACKER] Checking outcomes for 157 open trades... 
[2026-01-06T03:33:25.858Z] [INFO] [TRACKER] Checking outcomes for 157 open trades... 
[2026-01-06T03:33:25.927Z] [INFO] [TRACKER] Checking outcomes for 157 open trades... 
[2026-01-06T03:34:25.928Z] [INFO] [TRACKER] Checking outcomes for 157 open trades... 
[2026-01-06T03:34:57.502Z] [INFO] [TRACKER] Registered 7 new signals (6 replaced) for forward testing. 
[2026-01-06T03:34:57.503Z] [INFO] [SERVER SCAN] Complete. Found 20 results. 
[2026-01-06T03:34:59.686Z] [INFO] [TRACKER] Registered 6 new signals (6 replaced) for forward testing. 
[2026-01-06T03:34:59.686Z] [INFO] [SERVER SCAN] Complete. Found 20 results. 
[2026-01-06T03:34:59.956Z] [INFO] [TRACKER] Registered 4 new signals (4 replaced) for forward testing. 
[2026-01-06T03:34:59.957Z] [INFO] [SERVER SCAN] Complete. Found 20 results. 
[2026-01-06T03:35:25.929Z] [INFO] [TRACKER] Checking outcomes for 158 open trades... 
[2026-01-06T03:36:25.928Z] [INFO] [TRACKER] Checking outcomes for 158 open trades... 
[2026-01-06T03:37:25.929Z] [INFO] [TRACKER] Checking outcomes for 158 open trades... 
[2026-01-06T03:38:25.930Z] [INFO] [TRACKER] Checking outcomes for 158 open trades... 
[2026-01-06T03:39:25.930Z] [INFO] [TRACKER] Checking outcomes for 158 open trades... 
[2026-01-06T03:40:25.930Z] [INFO] [TRACKER] Checking outcomes for 158 open trades... 
[2026-01-06T03:41:25.930Z] [INFO] [TRACKER] Checking outcomes for 158 open trades... 
[2026-01-06T03:42:25.930Z] [INFO] [TRACKER] Checking outcomes for 158 open trades... 
[2026-01-06T03:43:25.929Z] [INFO] [TRACKER] Checking outcomes for 158 open trades... 
[2026-01-06T03:44:25.930Z] [INFO] [TRACKER] Checking outcomes for 158 open trades... 
[2026-01-06T03:45:25.930Z] [INFO] [TRACKER] Checking outcomes for 158 open trades... 
[2026-01-06T03:46:25.930Z] [INFO] [TRACKER] Checking outcomes for 158 open trades... 
[2026-01-06T03:47:25.932Z] [INFO] [TRACKER] Checking outcomes for 158 open trades... 
[2026-01-06T03:48:25.854Z] [INFO] [SERVER SCAN] Starting scan for HYPERLIQUID... 
[2026-01-06T03:48:25.855Z] [INFO] [SERVER SCAN] Starting scan for MEXC... 
[2026-01-06T03:48:25.855Z] [INFO] [SERVER SCAN] Starting scan for KUCOIN... 
[2026-01-06T03:48:25.858Z] [INFO] [TRACKER] Checking outcomes for 158 open trades... 
[2026-01-06T03:48:25.858Z] [INFO] [TRACKER] Checking outcomes for 158 open trades... 
[2026-01-06T03:48:25.859Z] [INFO] [TRACKER] Checking outcomes for 158 open trades... 
[2026-01-06T03:48:25.932Z] [INFO] [TRACKER] Checking outcomes for 158 open trades... 
[2026-01-06T03:49:25.933Z] [INFO] [TRACKER] Checking outcomes for 158 open trades... 
[2026-01-06T03:49:57.236Z] [INFO] [TRACKER] Registered 6 new signals (6 replaced) for forward testing. 
[2026-01-06T03:49:57.237Z] [INFO] [SERVER SCAN] Complete. Found 20 results. 
[2026-01-06T03:49:59.317Z] [INFO] [TRACKER] Registered 4 new signals (3 replaced) for forward testing. 
[2026-01-06T03:49:59.318Z] [INFO] [SERVER SCAN] Complete. Found 20 results. 
[2026-01-06T03:49:59.747Z] [INFO] [TRACKER] Registered 10 new signals (7 replaced) for forward testing. 
[2026-01-06T03:49:59.748Z] [INFO] [SERVER SCAN] Complete. Found 20 results. 
[2026-01-06T03:50:25.933Z] [INFO] [TRACKER] Checking outcomes for 162 open trades... 
[2026-01-06T03:51:25.935Z] [INFO] [TRACKER] Checking outcomes for 162 open trades... 
[2026-01-06T03:52:25.935Z] [INFO] [TRACKER] Checking outcomes for 162 open trades... 
[2026-01-06T03:53:25.935Z] [INFO] [TRACKER] Checking outcomes for 162 open trades... 
[2026-01-06T03:54:25.937Z] [INFO] [TRACKER] Checking outcomes for 162 open trades... 
[2026-01-06T03:55:25.936Z] [INFO] [TRACKER] Checking outcomes for 162 open trades... 
[2026-01-06T03:56:25.936Z] [INFO] [TRACKER] Checking outcomes for 162 open trades... 
[2026-01-06T03:57:25.938Z] [INFO] [TRACKER] Checking outcomes for 162 open trades... 
[2026-01-06T03:58:25.937Z] [INFO] [TRACKER] Checking outcomes for 162 open trades... 
[2026-01-06T03:59:25.938Z] [INFO] [TRACKER] Checking outcomes for 162 open trades... 
[2026-01-06T04:00:25.939Z] [INFO] [TRACKER] Checking outcomes for 162 open trades... 
[2026-01-06T04:01:25.940Z] [INFO] [TRACKER] Checking outcomes for 162 open trades... 
[2026-01-06T04:02:25.940Z] [INFO] [TRACKER] Checking outcomes for 162 open trades... 
[2026-01-06T04:03:25.855Z] [INFO] [SERVER SCAN] Starting scan for HYPERLIQUID... 
[2026-01-06T04:03:25.855Z] [INFO] [SERVER SCAN] Starting scan for MEXC... 
[2026-01-06T04:03:25.855Z] [INFO] [SERVER SCAN] Starting scan for KUCOIN... 
[2026-01-06T04:03:25.858Z] [INFO] [TRACKER] Checking outcomes for 162 open trades... 
[2026-01-06T04:03:25.858Z] [INFO] [TRACKER] Checking outcomes for 162 open trades... 
[2026-01-06T04:03:25.859Z] [INFO] [TRACKER] Checking outcomes for 162 open trades... 
[2026-01-06T04:03:25.941Z] [INFO] [TRACKER] Checking outcomes for 162 open trades... 
[2026-01-06T04:04:25.941Z] [INFO] [TRACKER] Checking outcomes for 162 open trades... 
[2026-01-06T04:04:58.398Z] [INFO] [TRACKER] Registered 7 new signals (7 replaced) for forward testing. 
[2026-01-06T04:04:58.399Z] [INFO] [SERVER SCAN] Complete. Found 20 results. 
[2026-01-06T04:05:03.033Z] [INFO] [TRACKER] Registered 6 new signals (6 replaced) for forward testing. 
[2026-01-06T04:05:03.033Z] [INFO] [SERVER SCAN] Complete. Found 20 results. 
[2026-01-06T04:05:03.199Z] [INFO] [TRACKER] Registered 17 new signals (13 replaced) for forward testing. 
[2026-01-06T04:05:03.200Z] [INFO] [SERVER SCAN] Complete. Found 20 results. 
[2026-01-06T04:05:25.941Z] [INFO] [TRACKER] Checking outcomes for 166 open trades... 
[2026-01-06T04:06:25.940Z] [INFO] [TRACKER] Checking outcomes for 166 open trades... 
[2026-01-06T04:07:25.941Z] [INFO] [TRACKER] Checking outcomes for 166 open trades... 
[2026-01-06T04:08:25.941Z] [INFO] [TRACKER] Checking outcomes for 166 open trades... 
[2026-01-06T04:09:25.940Z] [INFO] [TRACKER] Checking outcomes for 166 open trades... 
[2026-01-06T04:10:25.941Z] [INFO] [TRACKER] Checking outcomes for 166 open trades... 
[2026-01-06T04:11:25.941Z] [INFO] [TRACKER] Checking outcomes for 166 open trades... 
[2026-01-06T04:12:25.942Z] [INFO] [TRACKER] Checking outcomes for 166 open trades... 
[2026-01-06T04:13:25.942Z] [INFO] [TRACKER] Checking outcomes for 166 open trades... 
[2026-01-06T04:14:25.942Z] [INFO] [TRACKER] Checking outcomes for 166 open trades... 
[2026-01-06T04:15:25.942Z] [INFO] [TRACKER] Checking outcomes for 166 open trades... 
[2026-01-06T04:16:25.942Z] [INFO] [TRACKER] Checking outcomes for 166 open trades... 
[2026-01-06T04:17:25.944Z] [INFO] [TRACKER] Checking outcomes for 166 open trades... 
[2026-01-06T04:18:25.854Z] [INFO] [SERVER SCAN] Starting scan for HYPERLIQUID... 
[2026-01-06T04:18:25.854Z] [INFO] [SERVER SCAN] Starting scan for MEXC... 
[2026-01-06T04:18:25.854Z] [INFO] [SERVER SCAN] Starting scan for KUCOIN... 
[2026-01-06T04:18:25.858Z] [INFO] [TRACKER] Checking outcomes for 166 open trades... 
[2026-01-06T04:18:25.858Z] [INFO] [TRACKER] Checking outcomes for 166 open trades... 
[2026-01-06T04:18:25.858Z] [INFO] [TRACKER] Checking outcomes for 166 open trades... 
[2026-01-06T04:18:25.943Z] [INFO] [TRACKER] Checking outcomes for 166 open trades... 
[2026-01-06T04:19:25.945Z] [INFO] [TRACKER] Checking outcomes for 166 open trades... 
[2026-01-06T04:20:00.685Z] [INFO] [TRACKER] Registered 4 new signals (4 replaced) for forward testing. 
[2026-01-06T04:20:00.685Z] [INFO] [SERVER SCAN] Complete. Found 20 results. 
[2026-01-06T04:20:00.881Z] [INFO] [TRACKER] Registered 8 new signals (8 replaced) for forward testing. 
[2026-01-06T04:20:00.882Z] [INFO] [SERVER SCAN] Complete. Found 20 results. 
[2026-01-06T04:20:05.075Z] [INFO] [TRACKER] Registered 4 new signals (4 replaced) for forward testing. 
[2026-01-06T04:20:05.075Z] [INFO] [SERVER SCAN] Complete. Found 20 results. 
[2026-01-06T04:20:25.944Z] [INFO] [TRACKER] Checking outcomes for 166 open trades... 
[2026-01-06T04:21:25.943Z] [INFO] [TRACKER] Checking outcomes for 166 open trades... 
[2026-01-06T04:22:25.944Z] [INFO] [TRACKER] Checking outcomes for 166 open trades... 
[2026-01-06T04:23:25.943Z] [INFO] [TRACKER] Checking outcomes for 166 open trades... 
[2026-01-06T04:24:25.944Z] [INFO] [TRACKER] Checking outcomes for 166 open trades... 
[2026-01-06T04:25:25.944Z] [INFO] [TRACKER] Checking outcomes for 166 open trades... 
[2026-01-06T04:26:25.944Z] [INFO] [TRACKER] Checking outcomes for 166 open trades... 
[2026-01-06T04:27:25.946Z] [INFO] [TRACKER] Checking outcomes for 166 open trades... 
[2026-01-06T04:28:25.946Z] [INFO] [TRACKER] Checking outcomes for 166 open trades... 
[2026-01-06T04:29:25.945Z] [INFO] [TRACKER] Checking outcomes for 166 open trades... 
[2026-01-06T04:30:25.946Z] [INFO] [TRACKER] Checking outcomes for 166 open trades... 
[2026-01-06T04:31:25.946Z] [INFO] [TRACKER] Checking outcomes for 166 open trades... 
[2026-01-06T04:32:25.947Z] [INFO] [TRACKER] Checking outcomes for 166 open trades... 
[2026-01-06T04:33:25.855Z] [INFO] [SERVER SCAN] Starting scan for HYPERLIQUID... 
[2026-01-06T04:33:25.855Z] [INFO] [SERVER SCAN] Starting scan for MEXC... 
[2026-01-06T04:33:25.855Z] [INFO] [SERVER SCAN] Starting scan for KUCOIN... 
[2026-01-06T04:33:25.859Z] [INFO] [TRACKER] Checking outcomes for 166 open trades... 
[2026-01-06T04:33:25.859Z] [INFO] [TRACKER] Checking outcomes for 166 open trades... 
[2026-01-06T04:33:25.859Z] [INFO] [TRACKER] Checking outcomes for 166 open trades... 
[2026-01-06T04:33:25.949Z] [INFO] [TRACKER] Checking outcomes for 166 open trades... 
[2026-01-06T04:34:25.949Z] [INFO] [TRACKER] Checking outcomes for 166 open trades... 
[2026-01-06T04:35:01.298Z] [INFO] [TRACKER] Registered 1 new signals (0 replaced) for forward testing. 
[2026-01-06T04:35:01.298Z] [INFO] [SERVER SCAN] Complete. Found 20 results. 
[2026-01-06T04:35:03.590Z] [INFO] [TRACKER] Registered 2 new signals (2 replaced) for forward testing. 
[2026-01-06T04:35:03.591Z] [INFO] [SERVER SCAN] Complete. Found 20 results. 
[2026-01-06T04:35:06.323Z] [INFO] [TRACKER] Registered 8 new signals (8 replaced) for forward testing. 
[2026-01-06T04:35:06.324Z] [INFO] [SERVER SCAN] Complete. Found 20 results. 
[2026-01-06T04:35:25.949Z] [INFO] [TRACKER] Checking outcomes for 167 open trades... 
[2026-01-06T04:36:25.950Z] [INFO] [TRACKER] Checking outcomes for 167 open trades... 
[2026-01-06T04:37:25.950Z] [INFO] [TRACKER] Checking outcomes for 167 open trades... 
[2026-01-06T04:38:25.951Z] [INFO] [TRACKER] Checking outcomes for 167 open trades... 
[2026-01-06T04:39:25.953Z] [INFO] [TRACKER] Checking outcomes for 167 open trades... 
[2026-01-06T04:40:25.953Z] [INFO] [TRACKER] Checking outcomes for 167 open trades... 
[2026-01-06T04:41:25.953Z] [INFO] [TRACKER] Checking outcomes for 167 open trades... 
[2026-01-06T04:42:25.953Z] [INFO] [TRACKER] Checking outcomes for 167 open trades... 
[2026-01-06T04:43:07.625Z] [INFO] [TRACKER] Updated 1 trades. Performance updated. 
[2026-01-06T04:43:25.954Z] [INFO] [TRACKER] Checking outcomes for 167 open trades... 
[2026-01-06T04:44:25.955Z] [INFO] [TRACKER] Checking outcomes for 167 open trades... 
[2026-01-06T04:45:25.955Z] [INFO] [TRACKER] Checking outcomes for 167 open trades... 
[2026-01-06T04:46:25.955Z] [INFO] [TRACKER] Checking outcomes for 167 open trades... 
[2026-01-06T04:47:25.956Z] [INFO] [TRACKER] Checking outcomes for 167 open trades... 
[2026-01-06T04:48:25.855Z] [INFO] [SERVER SCAN] Starting scan for HYPERLIQUID... 
[2026-01-06T04:48:25.855Z] [INFO] [SERVER SCAN] Starting scan for MEXC... 
[2026-01-06T04:48:25.855Z] [INFO] [SERVER SCAN] Starting scan for KUCOIN... 
[2026-01-06T04:48:25.859Z] [INFO] [TRACKER] Checking outcomes for 167 open trades... 
[2026-01-06T04:48:25.859Z] [INFO] [TRACKER] Checking outcomes for 167 open trades... 
[2026-01-06T04:48:25.860Z] [INFO] [TRACKER] Checking outcomes for 167 open trades... 
[2026-01-06T04:48:25.957Z] [INFO] [TRACKER] Checking outcomes for 167 open trades... 
[2026-01-06T04:49:25.958Z] [INFO] [TRACKER] Checking outcomes for 167 open trades... 
[2026-01-06T04:49:59.512Z] [INFO] [TRACKER] Registered 6 new signals (6 replaced) for forward testing. 
[2026-01-06T04:49:59.513Z] [INFO] [SERVER SCAN] Complete. Found 20 results. 
[2026-01-06T04:50:00.987Z] [INFO] [TRACKER] Registered 4 new signals (3 replaced) for forward testing. 
[2026-01-06T04:50:00.987Z] [INFO] [SERVER SCAN] Complete. Found 20 results. 
[2026-01-06T04:50:04.800Z] [INFO] [TRACKER] Registered 2 new signals (1 replaced) for forward testing. 
[2026-01-06T04:50:04.800Z] [INFO] [SERVER SCAN] Complete. Found 20 results. 
[2026-01-06T04:50:25.958Z] [INFO] [TRACKER] Checking outcomes for 169 open trades... 
[2026-01-06T04:51:25.958Z] [INFO] [TRACKER] Checking outcomes for 169 open trades... 
[2026-01-06T04:52:25.958Z] [INFO] [TRACKER] Checking outcomes for 169 open trades... 
[2026-01-06T04:53:25.959Z] [INFO] [TRACKER] Checking outcomes for 169 open trades... 
[2026-01-06T04:54:25.959Z] [INFO] [TRACKER] Checking outcomes for 169 open trades... 
[2026-01-06T04:55:25.958Z] [INFO] [TRACKER] Checking outcomes for 169 open trades... 
[2026-01-06T04:56:25.959Z] [INFO] [TRACKER] Checking outcomes for 169 open trades... 
[2026-01-06T04:57:25.961Z] [INFO] [TRACKER] Checking outcomes for 169 open trades... 
[2026-01-06T04:58:25.961Z] [INFO] [TRACKER] Checking outcomes for 169 open trades... 
[2026-01-06T04:59:25.962Z] [INFO] [TRACKER] Checking outcomes for 169 open trades... 
[2026-01-06T05:00:25.963Z] [INFO] [TRACKER] Checking outcomes for 169 open trades... 
[2026-01-06T05:01:25.963Z] [INFO] [TRACKER] Checking outcomes for 169 open trades... 
[2026-01-06T05:02:25.964Z] [INFO] [TRACKER] Checking outcomes for 169 open trades... 
[2026-01-06T05:03:25.855Z] [INFO] [SERVER SCAN] Starting scan for HYPERLIQUID... 
[2026-01-06T05:03:25.856Z] [INFO] [SERVER SCAN] Starting scan for MEXC... 
[2026-01-06T05:03:25.856Z] [INFO] [SERVER SCAN] Starting scan for KUCOIN... 
[2026-01-06T05:03:25.859Z] [INFO] [TRACKER] Checking outcomes for 169 open trades... 
[2026-01-06T05:03:25.859Z] [INFO] [TRACKER] Checking outcomes for 169 open trades... 
[2026-01-06T05:03:25.860Z] [INFO] [TRACKER] Checking outcomes for 169 open trades... 
[2026-01-06T05:03:25.964Z] [INFO] [TRACKER] Checking outcomes for 169 open trades... 
[2026-01-06T05:04:25.969Z] [INFO] [TRACKER] Checking outcomes for 169 open trades... 
[2026-01-06T05:05:00.721Z] [INFO] [TRACKER] Registered 2 new signals (2 replaced) for forward testing. 
[2026-01-06T05:05:00.721Z] [INFO] [SERVER SCAN] Complete. Found 20 results. 
[2026-01-06T05:05:03.127Z] [INFO] [TRACKER] Registered 8 new signals (5 replaced) for forward testing. 
[2026-01-06T05:05:03.127Z] [INFO] [SERVER SCAN] Complete. Found 20 results. 
[2026-01-06T05:05:05.426Z] [INFO] [TRACKER] Registered 5 new signals (5 replaced) for forward testing. 
[2026-01-06T05:05:05.426Z] [INFO] [SERVER SCAN] Complete. Found 20 results. 
[2026-01-06T05:05:25.965Z] [INFO] [TRACKER] Checking outcomes for 172 open trades... 
[2026-01-06T05:06:25.965Z] [INFO] [TRACKER] Checking outcomes for 172 open trades... 
[2026-01-06T05:07:25.965Z] [INFO] [TRACKER] Checking outcomes for 172 open trades... 
[2026-01-06T05:08:25.966Z] [INFO] [TRACKER] Checking outcomes for 172 open trades... 
[2026-01-06T05:09:25.965Z] [INFO] [TRACKER] Checking outcomes for 172 open trades... 
[2026-01-06T05:10:25.966Z] [INFO] [TRACKER] Checking outcomes for 172 open trades... 
[2026-01-06T05:11:25.968Z] [INFO] [TRACKER] Checking outcomes for 172 open trades... 
[2026-01-06T05:12:25.968Z] [INFO] [TRACKER] Checking outcomes for 172 open trades... 
[2026-01-06T05:13:25.970Z] [INFO] [TRACKER] Checking outcomes for 172 open trades... 
[2026-01-06T05:14:25.970Z] [INFO] [TRACKER] Checking outcomes for 172 open trades... 
[2026-01-06T05:15:25.970Z] [INFO] [TRACKER] Checking outcomes for 172 open trades... 
[2026-01-06T05:16:25.972Z] [INFO] [TRACKER] Checking outcomes for 172 open trades... 
[2026-01-06T05:17:25.973Z] [INFO] [TRACKER] Checking outcomes for 172 open trades... 
[2026-01-06T05:18:25.856Z] [INFO] [SERVER SCAN] Starting scan for HYPERLIQUID... 
[2026-01-06T05:18:25.856Z] [INFO] [SERVER SCAN] Starting scan for MEXC... 
[2026-01-06T05:18:25.856Z] [INFO] [SERVER SCAN] Starting scan for KUCOIN... 
[2026-01-06T05:18:25.859Z] [INFO] [TRACKER] Checking outcomes for 172 open trades... 
[2026-01-06T05:18:25.859Z] [INFO] [TRACKER] Checking outcomes for 172 open trades... 
[2026-01-06T05:18:25.860Z] [INFO] [TRACKER] Checking outcomes for 172 open trades... 
[2026-01-06T05:18:25.972Z] [INFO] [TRACKER] Checking outcomes for 172 open trades... 
[2026-01-06T05:19:25.974Z] [INFO] [TRACKER] Checking outcomes for 172 open trades... 
[2026-01-06T05:20:05.469Z] [INFO] [TRACKER] Registered 8 new signals (7 replaced) for forward testing. 
[2026-01-06T05:20:05.470Z] [INFO] [SERVER SCAN] Complete. Found 20 results. 
[2026-01-06T05:20:06.858Z] [INFO] [TRACKER] Registered 9 new signals (9 replaced) for forward testing. 
[2026-01-06T05:20:06.859Z] [INFO] [SERVER SCAN] Complete. Found 20 results. 
[2026-01-06T05:20:16.223Z] [INFO] [TRACKER] Registered 1 new signals (1 replaced) for forward testing. 
[2026-01-06T05:20:16.223Z] [INFO] [SERVER SCAN] Complete. Found 20 results. 
[2026-01-06T05:20:25.974Z] [INFO] [TRACKER] Checking outcomes for 173 open trades... 
[2026-01-06T05:21:25.976Z] [INFO] [TRACKER] Checking outcomes for 173 open trades... 
[2026-01-06T05:22:25.974Z] [INFO] [TRACKER] Checking outcomes for 173 open trades... 
[2026-01-06T05:23:25.975Z] [INFO] [TRACKER] Checking outcomes for 173 open trades... 
[2026-01-06T05:24:25.975Z] [INFO] [TRACKER] Checking outcomes for 173 open trades... 
[2026-01-06T05:25:25.975Z] [INFO] [TRACKER] Checking outcomes for 173 open trades... 
[2026-01-06T05:26:25.975Z] [INFO] [TRACKER] Checking outcomes for 173 open trades... 
[2026-01-06T05:27:25.975Z] [INFO] [TRACKER] Checking outcomes for 173 open trades... 
[2026-01-06T05:28:25.976Z] [INFO] [TRACKER] Checking outcomes for 173 open trades... 
[2026-01-06T05:29:25.976Z] [INFO] [TRACKER] Checking outcomes for 173 open trades... 
[2026-01-06T05:30:25.976Z] [INFO] [TRACKER] Checking outcomes for 173 open trades... 
[2026-01-06T05:31:25.976Z] [INFO] [TRACKER] Checking outcomes for 173 open trades... 
[2026-01-06T05:32:25.976Z] [INFO] [TRACKER] Checking outcomes for 173 open trades... 
[2026-01-06T05:33:25.857Z] [INFO] [SERVER SCAN] Starting scan for HYPERLIQUID... 
[2026-01-06T05:33:25.857Z] [INFO] [SERVER SCAN] Starting scan for MEXC... 
[2026-01-06T05:33:25.857Z] [INFO] [SERVER SCAN] Starting scan for KUCOIN... 
[2026-01-06T05:33:25.861Z] [INFO] [TRACKER] Checking outcomes for 173 open trades... 
[2026-01-06T05:33:25.861Z] [INFO] [TRACKER] Checking outcomes for 173 open trades... 
[2026-01-06T05:33:25.861Z] [INFO] [TRACKER] Checking outcomes for 173 open trades... 
[2026-01-06T05:33:25.976Z] [INFO] [TRACKER] Checking outcomes for 173 open trades... 
[2026-01-06T05:34:25.977Z] [INFO] [TRACKER] Checking outcomes for 173 open trades... 
[2026-01-06T05:35:03.316Z] [INFO] [TRACKER] Registered 16 new signals (15 replaced) for forward testing. 
[2026-01-06T05:35:03.316Z] [INFO] [SERVER SCAN] Complete. Found 20 results. 
[2026-01-06T05:35:07.445Z] [INFO] [TRACKER] Registered 10 new signals (10 replaced) for forward testing. 
[2026-01-06T05:35:07.445Z] [INFO] [SERVER SCAN] Complete. Found 20 results. 
[2026-01-06T05:35:22.025Z] [INFO] [TRACKER] Registered 4 new signals (4 replaced) for forward testing. 
[2026-01-06T05:35:22.025Z] [INFO] [SERVER SCAN] Complete. Found 20 results. 
[2026-01-06T05:35:25.976Z] [INFO] [TRACKER] Checking outcomes for 174 open trades... 
[2026-01-06T05:36:25.980Z] [INFO] [TRACKER] Checking outcomes for 174 open trades... 
[2026-01-06T05:37:25.980Z] [INFO] [TRACKER] Checking outcomes for 174 open trades... 
[2026-01-06T05:38:25.979Z] [INFO] [TRACKER] Checking outcomes for 174 open trades... 
[2026-01-06T05:39:25.980Z] [INFO] [TRACKER] Checking outcomes for 174 open trades... 
[2026-01-06T05:40:25.981Z] [INFO] [TRACKER] Checking outcomes for 174 open trades... 
[2026-01-06T05:41:25.981Z] [INFO] [TRACKER] Checking outcomes for 174 open trades... 
[2026-01-06T05:42:25.982Z] [INFO] [TRACKER] Checking outcomes for 174 open trades... 
[2026-01-06T05:43:25.984Z] [INFO] [TRACKER] Checking outcomes for 174 open trades... 
[2026-01-06T05:44:25.984Z] [INFO] [TRACKER] Checking outcomes for 174 open trades... 
[2026-01-06T05:45:25.985Z] [INFO] [TRACKER] Checking outcomes for 174 open trades... 
[2026-01-06T05:46:25.986Z] [INFO] [TRACKER] Checking outcomes for 174 open trades... 
[2026-01-06T05:47:25.986Z] [INFO] [TRACKER] Checking outcomes for 174 open trades... 
[2026-01-06T05:48:25.858Z] [INFO] [SERVER SCAN] Starting scan for HYPERLIQUID... 
[2026-01-06T05:48:25.858Z] [INFO] [SERVER SCAN] Starting scan for MEXC... 
[2026-01-06T05:48:25.858Z] [INFO] [SERVER SCAN] Starting scan for KUCOIN... 
[2026-01-06T05:48:25.861Z] [INFO] [TRACKER] Checking outcomes for 174 open trades... 
[2026-01-06T05:48:25.861Z] [INFO] [TRACKER] Checking outcomes for 174 open trades... 
[2026-01-06T05:48:25.861Z] [INFO] [TRACKER] Checking outcomes for 174 open trades... 
[2026-01-06T05:48:25.987Z] [INFO] [TRACKER] Checking outcomes for 174 open trades... 
[2026-01-06T05:49:25.987Z] [INFO] [TRACKER] Checking outcomes for 174 open trades... 
[2026-01-06T05:50:07.972Z] [INFO] [TRACKER] Registered 19 new signals (16 replaced) for forward testing. 
[2026-01-06T05:50:07.973Z] [INFO] [SERVER SCAN] Complete. Found 20 results. 
[2026-01-06T05:50:09.006Z] [INFO] [TRACKER] Registered 9 new signals (9 replaced) for forward testing. 
[2026-01-06T05:50:09.007Z] [INFO] [SERVER SCAN] Complete. Found 20 results. 
[2026-01-06T05:50:21.993Z] [INFO] [TRACKER] Registered 7 new signals (6 replaced) for forward testing. 
[2026-01-06T05:50:21.994Z] [INFO] [SERVER SCAN] Complete. Found 20 results. 
[2026-01-06T05:50:25.986Z] [INFO] [TRACKER] Checking outcomes for 178 open trades... 
[2026-01-06T05:51:25.987Z] [INFO] [TRACKER] Checking outcomes for 178 open trades... 
[2026-01-06T05:52:25.988Z] [INFO] [TRACKER] Checking outcomes for 178 open trades... 
[2026-01-06T05:53:25.987Z] [INFO] [TRACKER] Checking outcomes for 178 open trades... 
[2026-01-06T05:54:25.987Z] [INFO] [TRACKER] Checking outcomes for 178 open trades... 
[2026-01-06T05:55:25.989Z] [INFO] [TRACKER] Checking outcomes for 178 open trades... 
[2026-01-06T05:56:25.988Z] [INFO] [TRACKER] Checking outcomes for 178 open trades... 
[2026-01-06T05:57:25.989Z] [INFO] [TRACKER] Checking outcomes for 178 open trades... 
[2026-01-06T05:58:25.990Z] [INFO] [TRACKER] Checking outcomes for 178 open trades... 
[2026-01-06T05:59:25.990Z] [INFO] [TRACKER] Checking outcomes for 178 open trades... 
[2026-01-06T06:00:25.991Z] [INFO] [TRACKER] Checking outcomes for 178 open trades... 
[2026-01-06T06:01:25.991Z] [INFO] [TRACKER] Checking outcomes for 178 open trades... 
[2026-01-06T06:02:25.991Z] [INFO] [TRACKER] Checking outcomes for 178 open trades... 
[2026-01-06T06:03:25.858Z] [INFO] [SERVER SCAN] Starting scan for HYPERLIQUID... 
[2026-01-06T06:03:25.858Z] [INFO] [SERVER SCAN] Starting scan for MEXC... 
[2026-01-06T06:03:25.858Z] [INFO] [SERVER SCAN] Starting scan for KUCOIN... 
[2026-01-06T06:03:25.861Z] [INFO] [TRACKER] Checking outcomes for 178 open trades... 
[2026-01-06T06:03:25.861Z] [INFO] [TRACKER] Checking outcomes for 178 open trades... 
[2026-01-06T06:03:25.861Z] [INFO] [TRACKER] Checking outcomes for 178 open trades... 
[2026-01-06T06:03:25.992Z] [INFO] [TRACKER] Checking outcomes for 178 open trades... 
[2026-01-06T06:04:25.993Z] [INFO] [TRACKER] Checking outcomes for 178 open trades... 
[2026-01-06T06:05:07.923Z] [INFO] [TRACKER] Registered 9 new signals (9 replaced) for forward testing. 
[2026-01-06T06:05:07.924Z] [INFO] [SERVER SCAN] Complete. Found 20 results. 
[2026-01-06T06:05:07.926Z] [INFO] [TRACKER] Registered 14 new signals (13 replaced) for forward testing. 
[2026-01-06T06:05:07.927Z] [INFO] [SERVER SCAN] Complete. Found 20 results. 
[2026-01-06T06:05:20.148Z] [INFO] [TRACKER] Registered 5 new signals (5 replaced) for forward testing. 
[2026-01-06T06:05:20.148Z] [INFO] [SERVER SCAN] Complete. Found 20 results. 
[2026-01-06T06:05:25.992Z] [INFO] [TRACKER] Checking outcomes for 179 open trades... 
[2026-01-06T06:06:25.993Z] [INFO] [TRACKER] Checking outcomes for 179 open trades... 
[2026-01-06T06:07:25.992Z] [INFO] [TRACKER] Checking outcomes for 179 open trades... 
[2026-01-06T06:08:25.992Z] [INFO] [TRACKER] Checking outcomes for 179 open trades... 
[2026-01-06T06:09:25.993Z] [INFO] [TRACKER] Checking outcomes for 179 open trades... 
[2026-01-06T06:10:25.993Z] [INFO] [TRACKER] Checking outcomes for 179 open trades... 
[2026-01-06T06:11:25.993Z] [INFO] [TRACKER] Checking outcomes for 179 open trades... 
[2026-01-06T06:11:38.398Z] [INFO] [SERVER SCAN] Starting scan for KUCOIN... 
[2026-01-06T06:11:38.399Z] [INFO] [TRACKER] Checking outcomes for 179 open trades... 
[2026-01-06T06:12:25.993Z] [INFO] [TRACKER] Checking outcomes for 179 open trades... 
[2026-01-06T06:13:25.993Z] [INFO] [TRACKER] Checking outcomes for 179 open trades... 
[2026-01-06T06:13:30.002Z] [INFO] [TRACKER] Registered 16 new signals (14 replaced) for forward testing. 
[2026-01-06T06:13:30.002Z] [INFO] [SERVER SCAN] Complete. Found 20 results. 
[2026-01-06T06:14:25.993Z] [INFO] [TRACKER] Checking outcomes for 181 open trades... 
[2026-01-06T06:15:25.994Z] [INFO] [TRACKER] Checking outcomes for 181 open trades... 
[2026-01-06T06:16:25.994Z] [INFO] [TRACKER] Checking outcomes for 181 open trades... 
[2026-01-06T06:17:25.995Z] [INFO] [TRACKER] Checking outcomes for 181 open trades... 
[2026-01-06T06:18:25.858Z] [INFO] [SERVER SCAN] Starting scan for HYPERLIQUID... 
[2026-01-06T06:18:25.858Z] [INFO] [SERVER SCAN] Starting scan for MEXC... 
[2026-01-06T06:18:25.858Z] [INFO] [SERVER SCAN] Starting scan for KUCOIN... 
[2026-01-06T06:18:25.861Z] [INFO] [TRACKER] Checking outcomes for 181 open trades... 
[2026-01-06T06:18:25.861Z] [INFO] [TRACKER] Checking outcomes for 181 open trades... 
[2026-01-06T06:18:25.861Z] [INFO] [TRACKER] Checking outcomes for 181 open trades... 
[2026-01-06T06:18:25.995Z] [INFO] [TRACKER] Checking outcomes for 181 open trades... 
[2026-01-06T06:19:19.011Z] [INFO] [TRACKER] Updated 1 trades. Performance updated. 
[2026-01-06T06:19:19.443Z] [INFO] [TRACKER] Updated 1 trades. Performance updated. 
[2026-01-06T06:19:22.812Z] [INFO] [TRACKER] Updated 1 trades. Performance updated. 
[2026-01-06T06:19:23.094Z] [INFO] [TRACKER] Updated 1 trades. Performance updated. 
[2026-01-06T06:19:25.996Z] [INFO] [TRACKER] Checking outcomes for 181 open trades... 
[2026-01-06T06:20:12.097Z] [INFO] [TRACKER] Registered 18 new signals (14 replaced) for forward testing. 
[2026-01-06T06:20:12.097Z] [INFO] [SERVER SCAN] Complete. Found 20 results. 
[2026-01-06T06:20:18.854Z] [INFO] [TRACKER] Updated 1 trades. Performance updated. 
[2026-01-06T06:20:19.436Z] [INFO] [TRACKER] Registered 11 new signals (10 replaced) for forward testing. 
[2026-01-06T06:20:19.436Z] [INFO] [SERVER SCAN] Complete. Found 20 results. 
[2026-01-06T06:20:25.996Z] [INFO] [TRACKER] Checking outcomes for 182 open trades... 
[2026-01-06T06:20:31.839Z] [INFO] [TRACKER] Registered 11 new signals (10 replaced) for forward testing. 
[2026-01-06T06:20:31.840Z] [INFO] [SERVER SCAN] Complete. Found 20 results. 
[2026-01-06T06:21:25.997Z] [INFO] [TRACKER] Checking outcomes for 183 open trades... 
[2026-01-06T06:22:12.093Z] [INFO] [TRACKER] Updated 1 trades. Performance updated. 
[2026-01-06T06:22:25.997Z] [INFO] [TRACKER] Checking outcomes for 183 open trades... 
[2026-01-06T06:23:25.997Z] [INFO] [TRACKER] Checking outcomes for 183 open trades... 
[2026-01-06T06:24:25.997Z] [INFO] [TRACKER] Checking outcomes for 183 open trades... 
[2026-01-06T06:25:25.998Z] [INFO] [TRACKER] Checking outcomes for 183 open trades... 
[2026-01-06T06:26:25.999Z] [INFO] [TRACKER] Checking outcomes for 183 open trades... 
[2026-01-06T06:27:24.562Z] [INFO] [SERVER SCAN] Starting scan for KUCOIN... 
[2026-01-06T06:27:24.564Z] [INFO] [TRACKER] Checking outcomes for 183 open trades... 
[2026-01-06T06:27:25.999Z] [INFO] [TRACKER] Checking outcomes for 183 open trades... 
[2026-01-06T06:28:26.000Z] [INFO] [TRACKER] Checking outcomes for 183 open trades... 
[2026-01-06T06:29:13.441Z] [INFO] [TRACKER] Registered 10 new signals (9 replaced) for forward testing. 
[2026-01-06T06:29:13.441Z] [INFO] [SERVER SCAN] Complete. Found 20 results. 
[2026-01-06T06:29:26.001Z] [INFO] [TRACKER] Checking outcomes for 184 open trades... 
[2026-01-06T06:30:26.001Z] [INFO] [TRACKER] Checking outcomes for 184 open trades... 
[2026-01-06T06:31:26.002Z] [INFO] [TRACKER] Checking outcomes for 184 open trades... 
[2026-01-06T06:32:26.002Z] [INFO] [TRACKER] Checking outcomes for 184 open trades... 
[2026-01-06T06:33:25.857Z] [INFO] [SERVER SCAN] Starting scan for HYPERLIQUID... 
[2026-01-06T06:33:25.857Z] [INFO] [SERVER SCAN] Starting scan for MEXC... 
[2026-01-06T06:33:25.857Z] [INFO] [SERVER SCAN] Starting scan for KUCOIN... 
[2026-01-06T06:33:25.860Z] [INFO] [TRACKER] Checking outcomes for 184 open trades... 
[2026-01-06T06:33:25.860Z] [INFO] [TRACKER] Checking outcomes for 184 open trades... 
[2026-01-06T06:33:25.861Z] [INFO] [TRACKER] Checking outcomes for 184 open trades... 
[2026-01-06T06:33:26.001Z] [INFO] [TRACKER] Checking outcomes for 184 open trades... 
[2026-01-06T06:34:26.002Z] [INFO] [TRACKER] Checking outcomes for 184 open trades... 
[2026-01-06T06:35:14.605Z] [INFO] [TRACKER] Registered 11 new signals (9 replaced) for forward testing. 
[2026-01-06T06:35:14.606Z] [INFO] [SERVER SCAN] Complete. Found 20 results. 
[2026-01-06T06:35:15.421Z] [INFO] [TRACKER] Registered 8 new signals (8 replaced) for forward testing. 
[2026-01-06T06:35:15.421Z] [INFO] [SERVER SCAN] Complete. Found 20 results. 
[2026-01-06T06:35:26.002Z] [INFO] [TRACKER] Checking outcomes for 186 open trades... 
[2026-01-06T06:35:26.860Z] [INFO] [TRACKER] Registered 8 new signals (8 replaced) for forward testing. 
[2026-01-06T06:35:26.861Z] [INFO] [SERVER SCAN] Complete. Found 20 results. 
[2026-01-06T06:36:26.003Z] [INFO] [TRACKER] Checking outcomes for 186 open trades... 
[2026-01-06T06:37:26.004Z] [INFO] [TRACKER] Checking outcomes for 186 open trades... 
[2026-01-06T06:37:40.061Z] [INFO] [SERVER SCAN] Starting scan for KUCOIN... 
[2026-01-06T06:37:40.063Z] [INFO] [TRACKER] Checking outcomes for 186 open trades... 
[2026-01-06T06:38:26.004Z] [INFO] [TRACKER] Checking outcomes for 186 open trades... 
[2026-01-06T06:39:26.005Z] [INFO] [TRACKER] Checking outcomes for 186 open trades... 
[2026-01-06T06:39:30.455Z] [INFO] [TRACKER] Registered 7 new signals (7 replaced) for forward testing. 
[2026-01-06T06:39:30.456Z] [INFO] [SERVER SCAN] Complete. Found 20 results. 
[2026-01-06T06:40:26.006Z] [INFO] [TRACKER] Checking outcomes for 186 open trades... 
[2026-01-06T06:41:26.004Z] [INFO] [TRACKER] Checking outcomes for 186 open trades... 
[2026-01-06T06:42:26.004Z] [INFO] [TRACKER] Checking outcomes for 186 open trades... 
[2026-01-06T06:43:26.005Z] [INFO] [TRACKER] Checking outcomes for 186 open trades... 
[2026-01-06T06:44:26.005Z] [INFO] [TRACKER] Checking outcomes for 186 open trades... 
[2026-01-06T06:45:26.005Z] [INFO] [TRACKER] Checking outcomes for 186 open trades... 
[2026-01-06T06:46:26.006Z] [INFO] [TRACKER] Checking outcomes for 186 open trades... 
[2026-01-06T06:47:26.005Z] [INFO] [TRACKER] Checking outcomes for 186 open trades... 
[2026-01-06T06:48:25.857Z] [INFO] [SERVER SCAN] Starting scan for HYPERLIQUID... 
[2026-01-06T06:48:25.857Z] [INFO] [SERVER SCAN] Starting scan for MEXC... 
[2026-01-06T06:48:25.858Z] [INFO] [SERVER SCAN] Starting scan for KUCOIN... 
[2026-01-06T06:48:25.860Z] [INFO] [TRACKER] Checking outcomes for 186 open trades... 
[2026-01-06T06:48:25.861Z] [INFO] [TRACKER] Checking outcomes for 186 open trades... 
[2026-01-06T06:48:25.861Z] [INFO] [TRACKER] Checking outcomes for 186 open trades... 
[2026-01-06T06:48:26.006Z] [INFO] [TRACKER] Checking outcomes for 186 open trades... 
[2026-01-06T06:49:26.006Z] [INFO] [TRACKER] Checking outcomes for 186 open trades... 
[2026-01-06T06:50:13.623Z] [INFO] [TRACKER] Registered 3 new signals (3 replaced) for forward testing. 
[2026-01-06T06:50:13.623Z] [INFO] [SERVER SCAN] Complete. Found 20 results. 
[2026-01-06T06:50:19.532Z] [INFO] [TRACKER] Registered 7 new signals (6 replaced) for forward testing. 
[2026-01-06T06:50:19.532Z] [INFO] [SERVER SCAN] Complete. Found 20 results. 
[2026-01-06T06:50:25.647Z] [INFO] [TRACKER] Registered 7 new signals (7 replaced) for forward testing. 
[2026-01-06T06:50:25.648Z] [INFO] [SERVER SCAN] Complete. Found 20 results. 
[2026-01-06T06:50:26.005Z] [INFO] [TRACKER] Checking outcomes for 187 open trades... 
[2026-01-06T06:51:26.006Z] [INFO] [TRACKER] Checking outcomes for 187 open trades... 
[2026-01-06T06:52:26.005Z] [INFO] [TRACKER] Checking outcomes for 187 open trades... 
[2026-01-06T06:53:26.006Z] [INFO] [TRACKER] Checking outcomes for 187 open trades... 
[2026-01-06T06:54:26.007Z] [INFO] [TRACKER] Checking outcomes for 187 open trades... 
[2026-01-06T06:55:26.007Z] [INFO] [TRACKER] Checking outcomes for 187 open trades... 
[2026-01-06T06:56:26.007Z] [INFO] [TRACKER] Checking outcomes for 187 open trades... 
[2026-01-06T06:57:26.008Z] [INFO] [TRACKER] Checking outcomes for 187 open trades... 
[2026-01-06T06:58:26.007Z] [INFO] [TRACKER] Checking outcomes for 187 open trades... 
[2026-01-06T06:59:26.008Z] [INFO] [TRACKER] Checking outcomes for 187 open trades... 
[2026-01-06T07:00:26.009Z] [INFO] [TRACKER] Checking outcomes for 187 open trades... 
[2026-01-06T07:01:26.008Z] [INFO] [TRACKER] Checking outcomes for 187 open trades... 
[2026-01-06T07:02:26.010Z] [INFO] [TRACKER] Checking outcomes for 187 open trades... 
[2026-01-06T07:03:25.858Z] [INFO] [SERVER SCAN] Starting scan for HYPERLIQUID... 
[2026-01-06T07:03:25.858Z] [INFO] [SERVER SCAN] Starting scan for MEXC... 
[2026-01-06T07:03:25.858Z] [INFO] [SERVER SCAN] Starting scan for KUCOIN... 
[2026-01-06T07:03:25.862Z] [INFO] [TRACKER] Checking outcomes for 187 open trades... 
[2026-01-06T07:03:25.862Z] [INFO] [TRACKER] Checking outcomes for 187 open trades... 
[2026-01-06T07:03:25.862Z] [INFO] [TRACKER] Checking outcomes for 187 open trades... 
[2026-01-06T07:03:26.012Z] [INFO] [TRACKER] Checking outcomes for 187 open trades... 
[2026-01-06T07:04:26.011Z] [INFO] [TRACKER] Checking outcomes for 187 open trades... 
[2026-01-06T07:05:15.352Z] [INFO] [TRACKER] Registered 15 new signals (13 replaced) for forward testing. 
[2026-01-06T07:05:15.353Z] [INFO] [SERVER SCAN] Complete. Found 20 results. 
[2026-01-06T07:05:15.384Z] [INFO] [TRACKER] Registered 8 new signals (7 replaced) for forward testing. 
[2026-01-06T07:05:15.385Z] [INFO] [SERVER SCAN] Complete. Found 20 results. 
[2026-01-06T07:05:26.012Z] [INFO] [TRACKER] Checking outcomes for 190 open trades... 
[2026-01-06T07:05:27.709Z] [INFO] [TRACKER] Registered 8 new signals (8 replaced) for forward testing. 
[2026-01-06T07:05:27.709Z] [INFO] [SERVER SCAN] Complete. Found 20 results. 
[2026-01-06T07:06:22.678Z] [INFO] [TRACKER] Updated 1 trades. Performance updated. 
[2026-01-06T07:06:26.012Z] [INFO] [TRACKER] Checking outcomes for 190 open trades... 
[2026-01-06T07:07:26.014Z] [INFO] [TRACKER] Checking outcomes for 190 open trades... 
[2026-01-06T07:08:26.014Z] [INFO] [TRACKER] Checking outcomes for 190 open trades... 
[2026-01-06T07:09:26.014Z] [INFO] [TRACKER] Checking outcomes for 190 open trades... 
[2026-01-06T07:10:26.014Z] [INFO] [TRACKER] Checking outcomes for 190 open trades... 
[2026-01-06T07:11:26.015Z] [INFO] [TRACKER] Checking outcomes for 190 open trades... 
[2026-01-06T07:12:26.015Z] [INFO] [TRACKER] Checking outcomes for 190 open trades... 
[2026-01-06T07:13:26.015Z] [INFO] [TRACKER] Checking outcomes for 190 open trades... 
[2026-01-06T07:14:26.016Z] [INFO] [TRACKER] Checking outcomes for 190 open trades... 
[2026-01-06T07:15:26.016Z] [INFO] [TRACKER] Checking outcomes for 190 open trades... 
[2026-01-06T07:16:26.016Z] [INFO] [TRACKER] Checking outcomes for 190 open trades... 
[2026-01-06T07:17:26.016Z] [INFO] [TRACKER] Checking outcomes for 190 open trades... 
[2026-01-06T07:18:25.858Z] [INFO] [SERVER SCAN] Starting scan for HYPERLIQUID... 
[2026-01-06T07:18:25.858Z] [INFO] [SERVER SCAN] Starting scan for MEXC... 
[2026-01-06T07:18:25.859Z] [INFO] [SERVER SCAN] Starting scan for KUCOIN... 
[2026-01-06T07:18:25.862Z] [INFO] [TRACKER] Checking outcomes for 190 open trades... 
[2026-01-06T07:18:25.863Z] [INFO] [TRACKER] Checking outcomes for 190 open trades... 
[2026-01-06T07:18:25.863Z] [INFO] [TRACKER] Checking outcomes for 190 open trades... 
[2026-01-06T07:18:26.017Z] [INFO] [TRACKER] Checking outcomes for 190 open trades... 
[2026-01-06T07:19:26.017Z] [INFO] [TRACKER] Checking outcomes for 190 open trades... 
[2026-01-06T07:20:15.409Z] [INFO] [TRACKER] Registered 12 new signals (12 replaced) for forward testing. 
[2026-01-06T07:20:15.410Z] [INFO] [SERVER SCAN] Complete. Found 20 results. 
[2026-01-06T07:20:23.441Z] [INFO] [TRACKER] Registered 11 new signals (11 replaced) for forward testing. 
[2026-01-06T07:20:23.441Z] [INFO] [SERVER SCAN] Complete. Found 20 results. 
[2026-01-06T07:20:26.018Z] [INFO] [TRACKER] Checking outcomes for 190 open trades... 
[2026-01-06T07:20:35.528Z] [INFO] [TRACKER] Registered 11 new signals (10 replaced) for forward testing. 
[2026-01-06T07:20:35.528Z] [INFO] [SERVER SCAN] Complete. Found 20 results. 
[2026-01-06T07:21:26.017Z] [INFO] [TRACKER] Checking outcomes for 191 open trades... 
[2026-01-06T07:22:26.019Z] [INFO] [TRACKER] Checking outcomes for 191 open trades... 
[2026-01-06T07:23:26.019Z] [INFO] [TRACKER] Checking outcomes for 191 open trades... 
[2026-01-06T07:24:26.020Z] [INFO] [TRACKER] Checking outcomes for 191 open trades... 
[2026-01-06T07:25:26.021Z] [INFO] [TRACKER] Checking outcomes for 191 open trades... 
[2026-01-06T07:26:26.023Z] [INFO] [TRACKER] Checking outcomes for 191 open trades... 
[2026-01-06T07:27:26.024Z] [INFO] [TRACKER] Checking outcomes for 191 open trades... 
[2026-01-06T07:28:14.172Z] [INFO] [TRACKER] Updated 1 trades. Performance updated. 
[2026-01-06T07:28:26.025Z] [INFO] [TRACKER] Checking outcomes for 190 open trades... 
[2026-01-06T07:29:26.025Z] [INFO] [TRACKER] Checking outcomes for 190 open trades... 
[2026-01-06T07:30:26.026Z] [INFO] [TRACKER] Checking outcomes for 190 open trades... 
[2026-01-06T07:31:26.027Z] [INFO] [TRACKER] Checking outcomes for 190 open trades... 
[2026-01-06T07:32:26.028Z] [INFO] [TRACKER] Checking outcomes for 190 open trades... 
[2026-01-06T07:33:25.859Z] [INFO] [SERVER SCAN] Starting scan for HYPERLIQUID... 
[2026-01-06T07:33:25.859Z] [INFO] [SERVER SCAN] Starting scan for MEXC... 
[2026-01-06T07:33:25.859Z] [INFO] [SERVER SCAN] Starting scan for KUCOIN... 
[2026-01-06T07:33:25.863Z] [INFO] [TRACKER] Checking outcomes for 190 open trades... 
[2026-01-06T07:33:25.863Z] [INFO] [TRACKER] Checking outcomes for 190 open trades... 
[2026-01-06T07:33:25.863Z] [INFO] [TRACKER] Checking outcomes for 190 open trades... 
[2026-01-06T07:33:26.029Z] [INFO] [TRACKER] Checking outcomes for 190 open trades... 
[2026-01-06T07:34:26.029Z] [INFO] [TRACKER] Checking outcomes for 190 open trades... 
[2026-01-06T07:35:09.743Z] [INFO] [TRACKER] Registered 10 new signals (9 replaced) for forward testing. 
[2026-01-06T07:35:09.744Z] [INFO] [SERVER SCAN] Complete. Found 20 results. 
[2026-01-06T07:35:10.922Z] [INFO] [TRACKER] Registered 6 new signals (5 replaced) for forward testing. 
[2026-01-06T07:35:10.922Z] [INFO] [SERVER SCAN] Complete. Found 20 results. 
[2026-01-06T07:35:18.162Z] [INFO] [TRACKER] Registered 13 new signals (13 replaced) for forward testing. 
[2026-01-06T07:35:18.163Z] [INFO] [SERVER SCAN] Complete. Found 20 results. 
[2026-01-06T07:35:26.031Z] [INFO] [TRACKER] Checking outcomes for 192 open trades... 
[2026-01-06T07:36:26.028Z] [INFO] [TRACKER] Checking outcomes for 192 open trades... 
[2026-01-06T07:37:26.029Z] [INFO] [TRACKER] Checking outcomes for 192 open trades... 
[2026-01-06T07:38:26.029Z] [INFO] [TRACKER] Checking outcomes for 192 open trades... 
[2026-01-06T07:39:26.029Z] [INFO] [TRACKER] Checking outcomes for 192 open trades... 
[2026-01-06T07:40:26.030Z] [INFO] [TRACKER] Checking outcomes for 192 open trades... 
[2026-01-06T07:41:26.031Z] [INFO] [TRACKER] Checking outcomes for 192 open trades... 
[2026-01-06T07:42:26.031Z] [INFO] [TRACKER] Checking outcomes for 192 open trades... 
[2026-01-06T07:43:26.032Z] [INFO] [TRACKER] Checking outcomes for 192 open trades... 
[2026-01-06T07:44:26.032Z] [INFO] [TRACKER] Checking outcomes for 192 open trades... 
[2026-01-06T07:45:26.032Z] [INFO] [TRACKER] Checking outcomes for 192 open trades... 
[2026-01-06T07:46:26.032Z] [INFO] [TRACKER] Checking outcomes for 192 open trades... 
[2026-01-06T07:47:26.031Z] [INFO] [TRACKER] Checking outcomes for 192 open trades... 
[2026-01-06T07:48:25.860Z] [INFO] [SERVER SCAN] Starting scan for HYPERLIQUID... 
[2026-01-06T07:48:25.860Z] [INFO] [SERVER SCAN] Starting scan for MEXC... 
[2026-01-06T07:48:25.860Z] [INFO] [SERVER SCAN] Starting scan for KUCOIN... 
[2026-01-06T07:48:25.864Z] [INFO] [TRACKER] Checking outcomes for 192 open trades... 
[2026-01-06T07:48:25.865Z] [INFO] [TRACKER] Checking outcomes for 192 open trades... 
[2026-01-06T07:48:25.865Z] [INFO] [TRACKER] Checking outcomes for 192 open trades... 
[2026-01-06T07:48:26.032Z] [INFO] [TRACKER] Checking outcomes for 192 open trades... 
[2026-01-06T07:49:26.033Z] [INFO] [TRACKER] Checking outcomes for 192 open trades... 
[2026-01-06T07:50:12.814Z] [INFO] [TRACKER] Registered 4 new signals (4 replaced) for forward testing. 
[2026-01-06T07:50:12.814Z] [INFO] [SERVER SCAN] Complete. Found 20 results. 
[2026-01-06T07:50:13.205Z] [INFO] [TRACKER] Registered 10 new signals (8 replaced) for forward testing. 
[2026-01-06T07:50:13.205Z] [INFO] [SERVER SCAN] Complete. Found 20 results. 
[2026-01-06T07:50:17.329Z] [INFO] [TRACKER] Registered 12 new signals (11 replaced) for forward testing. 
[2026-01-06T07:50:17.329Z] [INFO] [SERVER SCAN] Complete. Found 20 results. 
[2026-01-06T07:50:26.033Z] [INFO] [TRACKER] Checking outcomes for 195 open trades... 
[2026-01-06T07:51:26.034Z] [INFO] [TRACKER] Checking outcomes for 195 open trades... 
[2026-01-06T07:52:26.034Z] [INFO] [TRACKER] Checking outcomes for 195 open trades... 
[2026-01-06T07:53:26.034Z] [INFO] [TRACKER] Checking outcomes for 195 open trades... 
[2026-01-06T07:54:26.035Z] [INFO] [TRACKER] Checking outcomes for 195 open trades... 
[2026-01-06T07:55:26.036Z] [INFO] [TRACKER] Checking outcomes for 195 open trades... 
[2026-01-06T07:56:26.036Z] [INFO] [TRACKER] Checking outcomes for 195 open trades... 
[2026-01-06T07:57:26.037Z] [INFO] [TRACKER] Checking outcomes for 195 open trades... 
[2026-01-06T07:58:26.037Z] [INFO] [TRACKER] Checking outcomes for 195 open trades... 
[2026-01-06T07:59:26.037Z] [INFO] [TRACKER] Checking outcomes for 195 open trades... 
[2026-01-06T08:00:26.038Z] [INFO] [TRACKER] Checking outcomes for 195 open trades... 
[2026-01-06T08:01:26.038Z] [INFO] [TRACKER] Checking outcomes for 195 open trades... 
[2026-01-06T08:02:26.039Z] [INFO] [TRACKER] Checking outcomes for 195 open trades... 
[2026-01-06T08:03:25.861Z] [INFO] [SERVER SCAN] Starting scan for HYPERLIQUID... 
[2026-01-06T08:03:25.862Z] [INFO] [SERVER SCAN] Starting scan for MEXC... 
[2026-01-06T08:03:25.862Z] [INFO] [SERVER SCAN] Starting scan for KUCOIN... 
[2026-01-06T08:03:25.864Z] [INFO] [TRACKER] Checking outcomes for 195 open trades... 
[2026-01-06T08:03:25.865Z] [INFO] [TRACKER] Checking outcomes for 195 open trades... 
[2026-01-06T08:03:25.865Z] [INFO] [TRACKER] Checking outcomes for 195 open trades... 
[2026-01-06T08:03:26.040Z] [INFO] [TRACKER] Checking outcomes for 195 open trades... 
[2026-01-06T08:04:26.041Z] [INFO] [TRACKER] Checking outcomes for 195 open trades... 
[2026-01-06T08:05:11.042Z] [INFO] [TRACKER] Registered 8 new signals (8 replaced) for forward testing. 
[2026-01-06T08:05:11.042Z] [INFO] [SERVER SCAN] Complete. Found 20 results. 
[2026-01-06T08:05:12.572Z] [INFO] [TRACKER] Registered 9 new signals (8 replaced) for forward testing. 
[2026-01-06T08:05:12.573Z] [INFO] [SERVER SCAN] Complete. Found 20 results. 
[2026-01-06T08:05:13.944Z] [INFO] [TRACKER] Registered 15 new signals (12 replaced) for forward testing. 
[2026-01-06T08:05:13.945Z] [INFO] [SERVER SCAN] Complete. Found 20 results. 
[2026-01-06T08:05:26.041Z] [INFO] [TRACKER] Checking outcomes for 199 open trades... 
[2026-01-06T08:06:26.041Z] [INFO] [TRACKER] Checking outcomes for 199 open trades... 
[2026-01-06T08:07:26.042Z] [INFO] [TRACKER] Checking outcomes for 199 open trades... 
[2026-01-06T08:08:26.043Z] [INFO] [TRACKER] Checking outcomes for 199 open trades... 
[2026-01-06T08:09:26.043Z] [INFO] [TRACKER] Checking outcomes for 199 open trades... 
[2026-01-06T08:10:26.042Z] [INFO] [TRACKER] Checking outcomes for 199 open trades... 
[2026-01-06T08:11:26.043Z] [INFO] [TRACKER] Checking outcomes for 199 open trades... 
[2026-01-06T08:12:26.043Z] [INFO] [TRACKER] Checking outcomes for 199 open trades... 
[2026-01-06T08:13:26.044Z] [INFO] [TRACKER] Checking outcomes for 199 open trades... 
[2026-01-06T08:14:26.043Z] [INFO] [TRACKER] Checking outcomes for 199 open trades... 
[2026-01-06T08:15:26.043Z] [INFO] [TRACKER] Checking outcomes for 199 open trades... 
[2026-01-06T08:16:26.044Z] [INFO] [TRACKER] Checking outcomes for 199 open trades... 
[2026-01-06T08:17:26.045Z] [INFO] [TRACKER] Checking outcomes for 199 open trades... 
[2026-01-06T08:18:25.862Z] [INFO] [SERVER SCAN] Starting scan for HYPERLIQUID... 
[2026-01-06T08:18:25.862Z] [INFO] [SERVER SCAN] Starting scan for MEXC... 
[2026-01-06T08:18:25.862Z] [INFO] [SERVER SCAN] Starting scan for KUCOIN... 
[2026-01-06T08:18:25.865Z] [INFO] [TRACKER] Checking outcomes for 199 open trades... 
[2026-01-06T08:18:25.865Z] [INFO] [TRACKER] Checking outcomes for 199 open trades... 
[2026-01-06T08:18:25.866Z] [INFO] [TRACKER] Checking outcomes for 199 open trades... 
[2026-01-06T08:18:26.045Z] [INFO] [TRACKER] Checking outcomes for 199 open trades... 
[2026-01-06T08:19:26.045Z] [INFO] [TRACKER] Checking outcomes for 199 open trades... 
[2026-01-06T08:20:14.718Z] [INFO] [TRACKER] Registered 8 new signals (8 replaced) for forward testing. 
[2026-01-06T08:20:14.718Z] [INFO] [SERVER SCAN] Complete. Found 20 results. 
[2026-01-06T08:20:16.353Z] [INFO] [TRACKER] Registered 11 new signals (9 replaced) for forward testing. 
[2026-01-06T08:20:16.353Z] [INFO] [SERVER SCAN] Complete. Found 20 results. 
[2026-01-06T08:20:16.657Z] [INFO] [TRACKER] Registered 19 new signals (17 replaced) for forward testing. 
[2026-01-06T08:20:16.658Z] [INFO] [SERVER SCAN] Complete. Found 20 results. 
[2026-01-06T08:20:26.047Z] [INFO] [TRACKER] Checking outcomes for 203 open trades... 
[2026-01-06T08:21:26.047Z] [INFO] [TRACKER] Checking outcomes for 203 open trades... 
[2026-01-06T08:22:26.046Z] [INFO] [TRACKER] Checking outcomes for 203 open trades... 
[2026-01-06T08:23:26.048Z] [INFO] [TRACKER] Checking outcomes for 203 open trades... 
[2026-01-06T08:24:26.048Z] [INFO] [TRACKER] Checking outcomes for 203 open trades... 
[2026-01-06T08:25:26.047Z] [INFO] [TRACKER] Checking outcomes for 203 open trades... 
[2026-01-06T08:26:26.048Z] [INFO] [TRACKER] Checking outcomes for 203 open trades... 
[2026-01-06T08:27:18.706Z] [INFO] [TRACKER] Updated 1 trades. Performance updated. 
[2026-01-06T08:27:26.049Z] [INFO] [TRACKER] Checking outcomes for 203 open trades... 
[2026-01-06T08:28:26.048Z] [INFO] [TRACKER] Checking outcomes for 203 open trades... 
[2026-01-06T08:29:26.049Z] [INFO] [TRACKER] Checking outcomes for 203 open trades... 
[2026-01-06T08:30:26.051Z] [INFO] [TRACKER] Checking outcomes for 203 open trades... 
[2026-01-06T08:31:26.051Z] [INFO] [TRACKER] Checking outcomes for 203 open trades... 
[2026-01-06T08:32:26.052Z] [INFO] [TRACKER] Checking outcomes for 203 open trades... 
[2026-01-06T08:33:25.862Z] [INFO] [SERVER SCAN] Starting scan for HYPERLIQUID... 
[2026-01-06T08:33:25.862Z] [INFO] [SERVER SCAN] Starting scan for MEXC... 
[2026-01-06T08:33:25.862Z] [INFO] [SERVER SCAN] Starting scan for KUCOIN... 
[2026-01-06T08:33:25.866Z] [INFO] [TRACKER] Checking outcomes for 203 open trades... 
[2026-01-06T08:33:25.866Z] [INFO] [TRACKER] Checking outcomes for 203 open trades... 
[2026-01-06T08:33:25.866Z] [INFO] [TRACKER] Checking outcomes for 203 open trades... 
[2026-01-06T08:33:26.051Z] [INFO] [TRACKER] Checking outcomes for 203 open trades... 
[2026-01-06T08:34:26.053Z] [INFO] [TRACKER] Checking outcomes for 203 open trades... 
[2026-01-06T08:35:14.207Z] [INFO] [TRACKER] Registered 8 new signals (7 replaced) for forward testing. 
[2026-01-06T08:35:14.208Z] [INFO] [SERVER SCAN] Complete. Found 20 results. 
[2026-01-06T08:35:14.594Z] [INFO] [TRACKER] Registered 12 new signals (10 replaced) for forward testing. 
[2026-01-06T08:35:14.595Z] [INFO] [SERVER SCAN] Complete. Found 20 results. 
[2026-01-06T08:35:14.709Z] [INFO] [TRACKER] Registered 7 new signals (7 replaced) for forward testing. 
[2026-01-06T08:35:14.710Z] [INFO] [SERVER SCAN] Complete. Found 20 results. 
[2026-01-06T08:35:21.881Z] [INFO] [TRACKER] Updated 1 trades. Performance updated. 
[2026-01-06T08:35:26.054Z] [INFO] [TRACKER] Checking outcomes for 203 open trades... 
[2026-01-06T08:36:26.054Z] [INFO] [TRACKER] Checking outcomes for 203 open trades... 
[2026-01-06T08:37:26.055Z] [INFO] [TRACKER] Checking outcomes for 203 open trades... 
[2026-01-06T08:38:26.054Z] [INFO] [TRACKER] Checking outcomes for 203 open trades... 
[2026-01-06T08:39:26.055Z] [INFO] [TRACKER] Checking outcomes for 203 open trades... 
[2026-01-06T08:40:26.056Z] [INFO] [TRACKER] Checking outcomes for 203 open trades... 
[2026-01-06T08:41:26.056Z] [INFO] [TRACKER] Checking outcomes for 203 open trades... 
[2026-01-06T08:42:26.056Z] [INFO] [TRACKER] Checking outcomes for 203 open trades... 
[2026-01-06T08:43:26.056Z] [INFO] [TRACKER] Checking outcomes for 203 open trades... 
[2026-01-06T08:44:26.056Z] [INFO] [TRACKER] Checking outcomes for 203 open trades... 
[2026-01-06T08:45:26.056Z] [INFO] [TRACKER] Checking outcomes for 203 open trades... 
[2026-01-06T08:46:26.057Z] [INFO] [TRACKER] Checking outcomes for 203 open trades... 
[2026-01-06T08:47:26.057Z] [INFO] [TRACKER] Checking outcomes for 203 open trades... 
[2026-01-06T08:48:00.809Z] [INFO] [SERVER SCAN] Starting scan for KUCOIN... 
[2026-01-06T08:48:00.811Z] [INFO] [TRACKER] Checking outcomes for 203 open trades... 
[2026-01-06T08:48:25.863Z] [INFO] [SERVER SCAN] Starting scan for HYPERLIQUID... 
[2026-01-06T08:48:25.863Z] [INFO] [SERVER SCAN] Starting scan for MEXC... 
[2026-01-06T08:48:25.863Z] [INFO] [SERVER SCAN] Starting scan for KUCOIN... 
[2026-01-06T08:48:25.866Z] [INFO] [TRACKER] Checking outcomes for 203 open trades... 
[2026-01-06T08:48:25.867Z] [INFO] [TRACKER] Checking outcomes for 203 open trades... 
[2026-01-06T08:48:25.867Z] [INFO] [TRACKER] Checking outcomes for 203 open trades... 
[2026-01-06T08:48:26.058Z] [INFO] [TRACKER] Checking outcomes for 203 open trades... 
[2026-01-06T08:49:26.058Z] [INFO] [TRACKER] Checking outcomes for 203 open trades... 
[2026-01-06T08:49:53.184Z] [INFO] [TRACKER] Registered 12 new signals (11 replaced) for forward testing. 
[2026-01-06T08:49:53.185Z] [INFO] [SERVER SCAN] Complete. Found 20 results. 
[2026-01-06T08:50:18.077Z] [INFO] [TRACKER] Registered 12 new signals (12 replaced) for forward testing. 
[2026-01-06T08:50:18.077Z] [INFO] [SERVER SCAN] Complete. Found 20 results. 
[2026-01-06T08:50:19.252Z] [INFO] [TRACKER] Registered 12 new signals (11 replaced) for forward testing. 
[2026-01-06T08:50:19.253Z] [INFO] [SERVER SCAN] Complete. Found 20 results. 
[2026-01-06T08:50:19.703Z] [INFO] [TRACKER] Registered 8 new signals (8 replaced) for forward testing. 
[2026-01-06T08:50:19.703Z] [INFO] [SERVER SCAN] Complete. Found 20 results. 
[2026-01-06T08:50:26.059Z] [INFO] [TRACKER] Checking outcomes for 205 open trades... 
[2026-01-06T08:51:26.060Z] [INFO] [TRACKER] Checking outcomes for 205 open trades... 
[2026-01-06T08:52:26.061Z] [INFO] [TRACKER] Checking outcomes for 205 open trades... 
[2026-01-06T08:53:26.060Z] [INFO] [TRACKER] Checking outcomes for 205 open trades... 
[2026-01-06T08:54:26.061Z] [INFO] [TRACKER] Checking outcomes for 205 open trades... 
[2026-01-06T08:55:26.061Z] [INFO] [TRACKER] Checking outcomes for 205 open trades... 
[2026-01-06T08:56:26.061Z] [INFO] [TRACKER] Checking outcomes for 205 open trades... 
[2026-01-06T08:57:26.062Z] [INFO] [TRACKER] Checking outcomes for 205 open trades... 
[2026-01-06T08:58:26.062Z] [INFO] [TRACKER] Checking outcomes for 205 open trades... 
[2026-01-06T08:59:26.061Z] [INFO] [TRACKER] Checking outcomes for 205 open trades... 
[2026-01-06T09:00:26.062Z] [INFO] [TRACKER] Checking outcomes for 205 open trades... 
[2026-01-06T09:01:26.062Z] [INFO] [TRACKER] Checking outcomes for 205 open trades... 
[2026-01-06T09:02:26.062Z] [INFO] [TRACKER] Checking outcomes for 205 open trades... 
[2026-01-06T09:03:25.862Z] [INFO] [SERVER SCAN] Starting scan for HYPERLIQUID... 
[2026-01-06T09:03:25.862Z] [INFO] [SERVER SCAN] Starting scan for MEXC... 
[2026-01-06T09:03:25.862Z] [INFO] [SERVER SCAN] Starting scan for KUCOIN... 
[2026-01-06T09:03:25.865Z] [INFO] [TRACKER] Checking outcomes for 205 open trades... 
[2026-01-06T09:03:25.866Z] [INFO] [TRACKER] Checking outcomes for 205 open trades... 
[2026-01-06T09:03:25.866Z] [INFO] [TRACKER] Checking outcomes for 205 open trades... 
[2026-01-06T09:03:26.062Z] [INFO] [TRACKER] Checking outcomes for 205 open trades... 
[2026-01-06T09:04:26.062Z] [INFO] [TRACKER] Checking outcomes for 205 open trades... 
[2026-01-06T09:05:12.218Z] [INFO] [TRACKER] Registered 8 new signals (7 replaced) for forward testing. 
[2026-01-06T09:05:12.219Z] [INFO] [SERVER SCAN] Complete. Found 20 results. 
[2026-01-06T09:05:16.245Z] [INFO] [TRACKER] Registered 13 new signals (13 replaced) for forward testing. 
[2026-01-06T09:05:16.246Z] [INFO] [SERVER SCAN] Complete. Found 20 results. 
[2026-01-06T09:05:17.243Z] [INFO] [TRACKER] Registered 11 new signals (11 replaced) for forward testing. 
[2026-01-06T09:05:17.244Z] [INFO] [SERVER SCAN] Complete. Found 20 results. 
[2026-01-06T09:05:26.063Z] [INFO] [TRACKER] Checking outcomes for 206 open trades... 
[2026-01-06T09:06:26.065Z] [INFO] [TRACKER] Checking outcomes for 206 open trades... 
[2026-01-06T09:07:26.066Z] [INFO] [TRACKER] Checking outcomes for 206 open trades... 
[2026-01-06T09:08:26.066Z] [INFO] [TRACKER] Checking outcomes for 206 open trades... 
[2026-01-06T09:09:26.066Z] [INFO] [TRACKER] Checking outcomes for 206 open trades... 
[2026-01-06T09:10:26.065Z] [INFO] [TRACKER] Checking outcomes for 206 open trades... 
