[2026-01-05T18:43:05.963Z] [INFO] [SERVER SCAN] Starting scan for HYPERLIQUID... 
[2026-01-05T18:43:05.964Z] [INFO] [SERVER SCAN] Starting scan for MEXC... 
[2026-01-05T18:43:05.973Z] [INFO] [TRACKER] Checking outcomes for 123 open trades... 
[2026-01-05T18:43:05.974Z] [INFO] [TRACKER] Checking outcomes for 123 open trades... 
[2026-01-05T22:59:51.814Z] [INFO] [SERVER SCAN] Starting scan for HYPERLIQUID... 
[2026-01-05T22:59:51.815Z] [INFO] [SERVER SCAN] Starting scan for MEXC... 
[2026-01-05T22:59:51.820Z] [INFO] [TRACKER] Checking outcomes for 115 open trades... 
[2026-01-05T22:59:51.821Z] [INFO] [TRACKER] Checking outcomes for 115 open trades... 
[2026-01-05T22:59:57.975Z] [INFO] [SERVER SCAN] Starting scan for HYPERLIQUID... 
[2026-01-05T22:59:57.975Z] [INFO] [SERVER SCAN] Starting scan for MEXC... 
[2026-01-05T22:59:57.985Z] [INFO] [TRACKER] Checking outcomes for 115 open trades... 
[2026-01-05T22:59:57.985Z] [INFO] [TRACKER] Checking outcomes for 115 open trades... 
[2026-01-05T23:00:20.950Z] [INFO] [TRACKER] Updated 10 trades. Performance updated. 
[2026-01-05T23:00:22.453Z] [INFO] [TRACKER] Updated 10 trades. Performance updated. 
[2026-01-05T23:00:29.579Z] [INFO] [TRACKER] Updated 10 trades. Performance updated. 
[2026-01-05T23:00:29.830Z] [INFO] [TRACKER] Updated 10 trades. Performance updated. 
[2026-01-05T23:00:30.504Z] [INFO] [TRACKER] Registered 1 new signals (0 replaced) for forward testing. 
[2026-01-05T23:00:30.504Z] [INFO] [SERVER SCAN] Complete. Found 5 results. 
[2026-01-05T23:00:51.817Z] [INFO] [TRACKER] Checking outcomes for 106 open trades... 
[2026-01-05T23:01:02.418Z] [INFO] [SERVER SCAN] Starting scan for HYPERLIQUID... 
[2026-01-05T23:01:02.419Z] [INFO] [SERVER SCAN] Starting scan for MEXC... 
[2026-01-05T23:01:02.428Z] [INFO] [TRACKER] Checking outcomes for 106 open trades... 
[2026-01-05T23:01:02.429Z] [INFO] [TRACKER] Checking outcomes for 106 open trades... 
[2026-01-05T23:01:16.452Z] [INFO] [TRACKER] Registered 9 new signals (8 replaced) for forward testing. 
[2026-01-05T23:01:16.452Z] [INFO] [SERVER SCAN] Complete. Found 20 results. 
[2026-01-05T23:01:17.802Z] [INFO] [TRACKER] Updated 1 trades. Performance updated. 
[2026-01-05T23:01:18.729Z] [INFO] [TRACKER] Registered 11 new signals (10 replaced) for forward testing. 
[2026-01-05T23:01:18.729Z] [INFO] [SERVER SCAN] Complete. Found 20 results. 
[2026-01-05T23:01:26.559Z] [INFO] [TRACKER] Updated 1 trades. Performance updated. 
[2026-01-05T23:01:27.749Z] [INFO] [TRACKER] Updated 1 trades. Performance updated. 
[2026-01-05T23:01:28.410Z] [INFO] [TRACKER] Registered 1 new signals (1 replaced) for forward testing. 
[2026-01-05T23:01:28.411Z] [INFO] [SERVER SCAN] Complete. Found 5 results. 
[2026-01-05T23:01:51.818Z] [INFO] [TRACKER] Checking outcomes for 105 open trades... 
[2026-01-05T23:02:02.421Z] [INFO] [TRACKER] Checking outcomes for 105 open trades... 
[2026-01-05T23:02:21.859Z] [INFO] [TRACKER] Registered 11 new signals (10 replaced) for forward testing. 
[2026-01-05T23:02:21.860Z] [INFO] [SERVER SCAN] Complete. Found 20 results. 
[2026-01-05T23:02:51.816Z] [INFO] [TRACKER] Checking outcomes for 106 open trades... 
[2026-01-05T23:03:02.441Z] [INFO] [TRACKER] Checking outcomes for 106 open trades... 
[2026-01-05T23:03:51.816Z] [INFO] [TRACKER] Checking outcomes for 106 open trades... 
[2026-01-05T23:04:02.457Z] [INFO] [TRACKER] Checking outcomes for 106 open trades... 
[2026-01-05T23:04:51.817Z] [INFO] [TRACKER] Checking outcomes for 106 open trades... 
[2026-01-05T23:05:02.473Z] [INFO] [TRACKER] Checking outcomes for 106 open trades... 
[2026-01-05T23:05:51.817Z] [INFO] [TRACKER] Checking outcomes for 106 open trades... 
[2026-01-05T23:06:02.497Z] [INFO] [TRACKER] Checking outcomes for 106 open trades... 
[2026-01-05T23:06:08.469Z] [INFO] [SERVER SCAN] Starting scan for HYPERLIQUID... 
[2026-01-05T23:06:08.469Z] [INFO] [SERVER SCAN] Starting scan for MEXC... 
[2026-01-05T23:06:08.475Z] [INFO] [TRACKER] Checking outcomes for 106 open trades... 
[2026-01-05T23:06:08.476Z] [INFO] [TRACKER] Checking outcomes for 106 open trades... 
[2026-01-05T23:07:02.513Z] [INFO] [TRACKER] Checking outcomes for 106 open trades... 
[2026-01-05T23:07:08.471Z] [INFO] [TRACKER] Checking outcomes for 106 open trades... 
[2026-01-05T23:07:27.585Z] [INFO] [TRACKER] Registered 12 new signals (12 replaced) for forward testing. 
[2026-01-05T23:07:27.585Z] [INFO] [SERVER SCAN] Complete. Found 20 results. 
[2026-01-05T23:07:28.773Z] [INFO] [TRACKER] Registered 9 new signals (8 replaced) for forward testing. 
[2026-01-05T23:07:28.773Z] [INFO] [SERVER SCAN] Complete. Found 20 results. 
[2026-01-05T23:08:02.544Z] [INFO] [TRACKER] Checking outcomes for 107 open trades... 
[2026-01-05T23:08:08.471Z] [INFO] [TRACKER] Checking outcomes for 107 open trades... 
[2026-01-05T23:08:27.531Z] [INFO] [TRACKER] Updated 1 trades. Performance updated. 
[2026-01-05T23:08:33.241Z] [INFO] [TRACKER] Updated 1 trades. Performance updated. 
[2026-01-05T23:09:02.554Z] [INFO] [TRACKER] Checking outcomes for 107 open trades... 
[2026-01-05T23:09:08.470Z] [INFO] [TRACKER] Checking outcomes for 107 open trades... 
[2026-01-05T23:10:02.584Z] [INFO] [TRACKER] Checking outcomes for 107 open trades... 
[2026-01-05T23:10:08.471Z] [INFO] [TRACKER] Checking outcomes for 107 open trades... 
[2026-01-05T23:11:02.609Z] [INFO] [TRACKER] Checking outcomes for 107 open trades... 
[2026-01-05T23:11:08.472Z] [INFO] [TRACKER] Checking outcomes for 107 open trades... 
[2026-01-05T23:12:02.616Z] [INFO] [TRACKER] Checking outcomes for 107 open trades... 
[2026-01-05T23:12:08.472Z] [INFO] [TRACKER] Checking outcomes for 107 open trades... 
[2026-01-05T23:12:23.467Z] [INFO] [SERVER SCAN] Starting scan for HYPERLIQUID... 
[2026-01-05T23:12:23.468Z] [INFO] [SERVER SCAN] Starting scan for MEXC... 
[2026-01-05T23:12:23.473Z] [INFO] [TRACKER] Checking outcomes for 107 open trades... 
[2026-01-05T23:12:23.474Z] [INFO] [TRACKER] Checking outcomes for 107 open trades... 
[2026-01-05T23:13:02.633Z] [INFO] [TRACKER] Checking outcomes for 107 open trades... 
[2026-01-05T23:13:23.470Z] [INFO] [TRACKER] Checking outcomes for 107 open trades... 
[2026-01-05T23:13:45.375Z] [INFO] [TRACKER] Registered 14 new signals (13 replaced) for forward testing. 
[2026-01-05T23:13:45.375Z] [INFO] [SERVER SCAN] Complete. Found 20 results. 
[2026-01-05T23:13:46.915Z] [INFO] [TRACKER] Registered 12 new signals (11 replaced) for forward testing. 
[2026-01-05T23:13:46.915Z] [INFO] [SERVER SCAN] Complete. Found 20 results. 
[2026-01-05T23:14:02.653Z] [INFO] [TRACKER] Checking outcomes for 109 open trades... 
[2026-01-05T23:14:23.470Z] [INFO] [TRACKER] Checking outcomes for 109 open trades... 
[2026-01-05T23:15:02.684Z] [INFO] [TRACKER] Checking outcomes for 109 open trades... 
[2026-01-05T23:15:23.469Z] [INFO] [TRACKER] Checking outcomes for 109 open trades... 
[2026-01-05T23:16:02.440Z] [INFO] [SERVER SCAN] Starting scan for HYPERLIQUID... 
[2026-01-05T23:16:02.440Z] [INFO] [SERVER SCAN] Starting scan for MEXC... 
[2026-01-05T23:16:02.442Z] [INFO] [TRACKER] Checking outcomes for 109 open trades... 
[2026-01-05T23:16:02.442Z] [INFO] [TRACKER] Checking outcomes for 109 open trades... 
[2026-01-05T23:16:02.686Z] [INFO] [TRACKER] Checking outcomes for 109 open trades... 
[2026-01-05T23:16:23.470Z] [INFO] [TRACKER] Checking outcomes for 109 open trades... 
[2026-01-05T23:17:02.687Z] [INFO] [TRACKER] Checking outcomes for 109 open trades... 
[2026-01-05T23:17:22.908Z] [INFO] [TRACKER] Registered 11 new signals (11 replaced) for forward testing. 
[2026-01-05T23:17:22.908Z] [INFO] [SERVER SCAN] Complete. Found 20 results. 
[2026-01-05T23:17:23.471Z] [INFO] [TRACKER] Checking outcomes for 109 open trades... 
[2026-01-05T23:17:25.689Z] [INFO] [TRACKER] Registered 10 new signals (10 replaced) for forward testing. 
[2026-01-05T23:17:25.690Z] [INFO] [SERVER SCAN] Complete. Found 20 results. 
[2026-01-05T23:18:02.689Z] [INFO] [TRACKER] Checking outcomes for 109 open trades... 
[2026-01-05T23:18:23.470Z] [INFO] [TRACKER] Checking outcomes for 109 open trades... 
[2026-01-05T23:19:02.703Z] [INFO] [TRACKER] Checking outcomes for 109 open trades... 
[2026-01-05T23:19:23.472Z] [INFO] [TRACKER] Checking outcomes for 109 open trades... 
[2026-01-05T23:20:02.726Z] [INFO] [TRACKER] Checking outcomes for 109 open trades... 
[2026-01-05T23:20:23.471Z] [INFO] [TRACKER] Checking outcomes for 109 open trades... 
[2026-01-05T23:21:02.754Z] [INFO] [TRACKER] Checking outcomes for 109 open trades... 
[2026-01-05T23:21:23.471Z] [INFO] [TRACKER] Checking outcomes for 109 open trades... 
[2026-01-05T23:22:02.773Z] [INFO] [TRACKER] Checking outcomes for 109 open trades... 
[2026-01-05T23:22:23.472Z] [INFO] [TRACKER] Checking outcomes for 109 open trades... 
[2026-01-05T23:23:02.802Z] [INFO] [TRACKER] Checking outcomes for 109 open trades... 
[2026-01-05T23:23:23.471Z] [INFO] [TRACKER] Checking outcomes for 109 open trades... 
[2026-01-05T23:24:02.828Z] [INFO] [TRACKER] Checking outcomes for 109 open trades... 
[2026-01-05T23:24:23.471Z] [INFO] [TRACKER] Checking outcomes for 109 open trades... 
[2026-01-05T23:25:02.846Z] [INFO] [TRACKER] Checking outcomes for 109 open trades... 
[2026-01-05T23:25:23.472Z] [INFO] [TRACKER] Checking outcomes for 109 open trades... 
[2026-01-05T23:26:02.849Z] [INFO] [TRACKER] Checking outcomes for 109 open trades... 
[2026-01-05T23:26:23.471Z] [INFO] [TRACKER] Checking outcomes for 109 open trades... 
[2026-01-05T23:27:23.469Z] [INFO] [SERVER SCAN] Starting scan for HYPERLIQUID... 
[2026-01-05T23:27:23.469Z] [INFO] [SERVER SCAN] Starting scan for MEXC... 
[2026-01-05T23:27:23.472Z] [INFO] [TRACKER] Checking outcomes for 109 open trades... 
[2026-01-05T23:27:23.472Z] [INFO] [TRACKER] Checking outcomes for 109 open trades... 
[2026-01-05T23:27:23.473Z] [INFO] [TRACKER] Checking outcomes for 109 open trades... 
[2026-01-05T23:28:23.472Z] [INFO] [TRACKER] Checking outcomes for 109 open trades... 
[2026-01-05T23:28:44.275Z] [INFO] [TRACKER] Registered 11 new signals (11 replaced) for forward testing. 
[2026-01-05T23:28:44.275Z] [INFO] [SERVER SCAN] Complete. Found 20 results. 
[2026-01-05T23:28:46.487Z] [INFO] [TRACKER] Registered 14 new signals (14 replaced) for forward testing. 
[2026-01-05T23:28:46.487Z] [INFO] [SERVER SCAN] Complete. Found 20 results. 
[2026-01-05T23:29:23.473Z] [INFO] [TRACKER] Checking outcomes for 109 open trades... 
[2026-01-05T23:30:23.471Z] [INFO] [TRACKER] Checking outcomes for 109 open trades... 
[2026-01-05T23:31:23.472Z] [INFO] [TRACKER] Checking outcomes for 109 open trades... 
[2026-01-05T23:32:23.471Z] [INFO] [TRACKER] Checking outcomes for 109 open trades... 
[2026-01-05T23:33:23.473Z] [INFO] [TRACKER] Checking outcomes for 109 open trades... 
[2026-01-05T23:34:23.472Z] [INFO] [TRACKER] Checking outcomes for 109 open trades... 
[2026-01-05T23:35:23.473Z] [INFO] [TRACKER] Checking outcomes for 109 open trades... 
[2026-01-05T23:36:23.473Z] [INFO] [TRACKER] Checking outcomes for 109 open trades... 
[2026-01-05T23:36:55.706Z] [INFO] [SERVER SCAN] Starting scan for HYPERLIQUID... 
[2026-01-05T23:36:55.706Z] [INFO] [SERVER SCAN] Starting scan for MEXC... 
[2026-01-05T23:36:55.716Z] [INFO] [TRACKER] Checking outcomes for 109 open trades... 
[2026-01-05T23:36:55.717Z] [INFO] [TRACKER] Checking outcomes for 109 open trades... 
[2026-01-05T23:37:18.221Z] [INFO] [SERVER SCAN] Starting scan for HYPERLIQUID... 
[2026-01-05T23:37:18.222Z] [INFO] [SERVER SCAN] Starting scan for MEXC... 
[2026-01-05T23:37:18.227Z] [INFO] [TRACKER] Checking outcomes for 109 open trades... 
[2026-01-05T23:37:18.228Z] [INFO] [TRACKER] Checking outcomes for 109 open trades... 
[2026-01-05T23:38:18.224Z] [INFO] [TRACKER] Checking outcomes for 109 open trades... 
[2026-01-05T23:38:41.903Z] [INFO] [TRACKER] Registered 14 new signals (14 replaced) for forward testing. 
[2026-01-05T23:38:41.904Z] [INFO] [SERVER SCAN] Complete. Found 20 results. 
[2026-01-05T23:38:42.721Z] [INFO] [TRACKER] Registered 11 new signals (10 replaced) for forward testing. 
[2026-01-05T23:38:42.721Z] [INFO] [SERVER SCAN] Complete. Found 20 results. 
[2026-01-05T23:39:18.225Z] [INFO] [TRACKER] Checking outcomes for 110 open trades... 
[2026-01-05T23:39:43.725Z] [INFO] [TRACKER] Updated 1 trades. Performance updated. 
[2026-01-05T23:40:18.224Z] [INFO] [TRACKER] Checking outcomes for 109 open trades... 
[2026-01-05T23:41:18.225Z] [INFO] [TRACKER] Checking outcomes for 109 open trades... 
[2026-01-05T23:42:18.226Z] [INFO] [TRACKER] Checking outcomes for 109 open trades... 
[2026-01-05T23:43:18.225Z] [INFO] [TRACKER] Checking outcomes for 109 open trades... 
[2026-01-05T23:44:18.225Z] [INFO] [TRACKER] Checking outcomes for 109 open trades... 
[2026-01-05T23:45:18.226Z] [INFO] [TRACKER] Checking outcomes for 109 open trades... 
[2026-01-05T23:46:18.226Z] [INFO] [TRACKER] Checking outcomes for 109 open trades... 
[2026-01-05T23:47:18.227Z] [INFO] [TRACKER] Checking outcomes for 109 open trades... 
[2026-01-05T23:48:18.226Z] [INFO] [TRACKER] Checking outcomes for 109 open trades... 
[2026-01-05T23:49:18.226Z] [INFO] [TRACKER] Checking outcomes for 109 open trades... 
[2026-01-05T23:50:18.227Z] [INFO] [TRACKER] Checking outcomes for 109 open trades... 
[2026-01-05T23:51:18.226Z] [INFO] [TRACKER] Checking outcomes for 109 open trades... 
[2026-01-05T23:52:18.223Z] [INFO] [SERVER SCAN] Starting scan for HYPERLIQUID... 
[2026-01-05T23:52:18.223Z] [INFO] [SERVER SCAN] Starting scan for MEXC... 
[2026-01-05T23:52:18.225Z] [INFO] [TRACKER] Checking outcomes for 109 open trades... 
[2026-01-05T23:52:18.225Z] [INFO] [TRACKER] Checking outcomes for 109 open trades... 
[2026-01-05T23:52:18.231Z] [INFO] [TRACKER] Checking outcomes for 109 open trades... 
[2026-01-05T23:52:42.960Z] [INFO] [TRACKER] Updated 2 trades. Performance updated. 
[2026-01-05T23:52:43.291Z] [INFO] [TRACKER] Updated 2 trades. Performance updated. 
[2026-01-05T23:52:43.493Z] [INFO] [TRACKER] Updated 2 trades. Performance updated. 
[2026-01-05T23:53:18.227Z] [INFO] [TRACKER] Checking outcomes for 107 open trades... 
[2026-01-05T23:53:39.248Z] [INFO] [TRACKER] Registered 10 new signals (10 replaced) for forward testing. 
[2026-01-05T23:53:39.249Z] [INFO] [SERVER SCAN] Complete. Found 20 results. 
[2026-01-05T23:53:41.276Z] [INFO] [TRACKER] Registered 12 new signals (12 replaced) for forward testing. 
[2026-01-05T23:53:41.276Z] [INFO] [SERVER SCAN] Complete. Found 20 results. 
[2026-01-05T23:54:18.226Z] [INFO] [TRACKER] Checking outcomes for 107 open trades... 
[2026-01-05T23:55:18.226Z] [INFO] [TRACKER] Checking outcomes for 107 open trades... 
[2026-01-05T23:56:18.227Z] [INFO] [TRACKER] Checking outcomes for 107 open trades... 
[2026-01-05T23:57:18.228Z] [INFO] [TRACKER] Checking outcomes for 107 open trades... 
[2026-01-05T23:57:43.318Z] [INFO] [TRACKER] Updated 1 trades. Performance updated. 
[2026-01-05T23:58:18.226Z] [INFO] [TRACKER] Checking outcomes for 106 open trades... 
[2026-01-05T23:59:18.227Z] [INFO] [TRACKER] Checking outcomes for 106 open trades... 
